#
# There is insufficient memory for the Java Runtime Environment to continue.
# Native memory allocation (malloc) failed to allocate 32744 bytes for Chunk::new
# Possible reasons:
#   The system is out of physical RAM or swap space
#   The process is running with CompressedOops enabled, and the Java Heap may be blocking the growth of the native heap
# Possible solutions:
#   Reduce memory load on the system
#   Increase physical memory or swap space
#   Check if swap backing store is full
#   Decrease Java heap size (-Xmx/-Xms)
#   Decrease number of Java threads
#   Decrease Java thread stack sizes (-Xss)
#   Set larger code cache with -XX:ReservedCodeCacheSize=
#   JVM is running with Unscaled Compressed Oops mode in which the Java heap is
#     placed in the first 4GB address space. The Java Heap base address is the
#     maximum limit for the native heap growth. Please use -XX:HeapBaseMinAddress
#     to set the Java Heap base and to place the Java Heap above 4GB virtual address.
# This output file may be truncated or incomplete.
#
#  Out of Memory Error (arena.cpp:184), pid=7292, tid=10808
#
# JRE version: Java(TM) SE Runtime Environment (18.0+36) (build 18+36-2087)
# Java VM: Java HotSpot(TM) 64-Bit Server VM (18+36-2087, mixed mode, sharing, tiered, compressed oops, compressed class ptrs, g1 gc, windows-amd64)
# No core dump will be written. Minidumps are not enabled by default on client versions of Windows
#

---------------  S U M M A R Y ------------

Command Line: -Dapplication.home=C:\Program Files\Java\jdk-18 --add-modules=ALL-DEFAULT -Xms8m -Djdk.module.main=jdk.compiler jdk.compiler/com.sun.tools.javac.Main -d C:\Users\rapha\OneDrive\Documents\NetBeansProjects\Library\build\classes -classpath C:\Users\rapha\OneDrive\Documents\NetBeansProjects\Library\build\classes -sourcepath C:\Users\rapha\OneDrive\Documents\NetBeansProjects\Library\src -target 1.8 -encoding UTF-8 -g -processorpath C:\Users\rapha\OneDrive\Documents\NetBeansProjects\Library\build\empty -s C:\Users\rapha\OneDrive\Documents\NetBeansProjects\Library\build\generated-sources\ap-source-output -source 1.8 C:\Users\rapha\OneDrive\Documents\NetBeansProjects\Library\src\view\Menu.java

Host: 11th Gen Intel(R) Core(TM) i5-1135G7 @ 2.40GHz, 8 cores, 7G,  Windows 11 , 64 bit Build 22000 (10.0.22000.1516)
Time: Mon Apr 10 10:43:54 2023 GMT Summer Time elapsed time: 0.133772 seconds (0d 0h 0m 0s)

---------------  T H R E A D  ---------------

Current thread (0x000001e160793ce0):  JavaThread "main" [_thread_in_vm, id=10808, stack(0x000000b27f100000,0x000000b27f200000)]

Stack: [0x000000b27f100000,0x000000b27f200000]
Native frames: (J=compiled Java code, j=interpreted, Vv=VM code, C=native code)
V  [jvm.dll+0x69804a]
V  [jvm.dll+0x7f308d]
V  [jvm.dll+0x7f499e]
V  [jvm.dll+0x7f5053]
V  [jvm.dll+0x25ca3f]
V  [jvm.dll+0xb8c2f]
V  [jvm.dll+0xb8fa5]
V  [jvm.dll+0x2dbd11]
V  [jvm.dll+0x2db28e]
V  [jvm.dll+0x2038b7]
V  [jvm.dll+0x1f879a]
V  [jvm.dll+0x55cea5]
V  [jvm.dll+0x76d46d]
V  [jvm.dll+0x76d3ca]
V  [jvm.dll+0x42d891]
V  [jvm.dll+0x4404a3]
C  [java.dll+0x1657]

Java frames: (J=compiled Java code, j=interpreted, Vv=VM code)
j  java.lang.ClassLoader.defineClass0(Ljava/lang/ClassLoader;Ljava/lang/Class;Ljava/lang/String;[BIILjava/security/ProtectionDomain;ZILjava/lang/Object;)Ljava/lang/Class;+0 java.base@18
j  java.lang.System$2.defineClass(Ljava/lang/ClassLoader;Ljava/lang/Class;Ljava/lang/String;[BLjava/security/ProtectionDomain;ZILjava/lang/Object;)Ljava/lang/Class;+17 java.base@18
j  java.lang.invoke.MethodHandles$Lookup$ClassDefiner.defineClass(ZLjava/lang/Object;)Ljava/lang/Class;+54 java.base@18
j  java.lang.invoke.InvokerBytecodeGenerator.loadMethod([B)Ljava/lang/invoke/MemberName;+19 java.base@18
j  java.lang.invoke.InvokerBytecodeGenerator.generateCustomizedCode(Ljava/lang/invoke/LambdaForm;Ljava/lang/invoke/MethodType;)Ljava/lang/invoke/MemberName;+30 java.base@18
j  java.lang.invoke.LambdaForm.compileToBytecode()V+69 java.base@18
j  java.lang.invoke.DirectMethodHandle.makePreparedLambdaForm(Ljava/lang/invoke/MethodType;I)Ljava/lang/invoke/LambdaForm;+792 java.base@18
j  java.lang.invoke.DirectMethodHandle.preparedLambdaForm(Ljava/lang/invoke/MethodType;I)Ljava/lang/invoke/LambdaForm;+17 java.base@18
j  java.lang.invoke.DirectMethodHandle.preparedLambdaForm(Ljava/lang/invoke/MemberName;Z)Ljava/lang/invoke/LambdaForm;+159 java.base@18
j  java.lang.invoke.DirectMethodHandle.preparedLambdaForm(Ljava/lang/invoke/MemberName;)Ljava/lang/invoke/LambdaForm;+2 java.base@18
j  java.lang.invoke.DirectMethodHandle.make(BLjava/lang/Class;Ljava/lang/invoke/MemberName;Ljava/lang/Class;)Ljava/lang/invoke/DirectMethodHandle;+163 java.base@18
j  java.lang.invoke.MethodHandles$Lookup.getDirectMethodCommon(BLjava/lang/Class;Ljava/lang/invoke/MemberName;ZZLjava/lang/invoke/MethodHandles$Lookup;)Ljava/lang/invoke/MethodHandle;+210 java.base@18
j  java.lang.invoke.MethodHandles$Lookup.getDirectMethod(BLjava/lang/Class;Ljava/lang/invoke/MemberName;Ljava/lang/invoke/MethodHandles$Lookup;)Ljava/lang/invoke/MethodHandle;+14 java.base@18
j  java.lang.invoke.MethodHandles$Lookup.findStatic(Ljava/lang/Class;Ljava/lang/String;Ljava/lang/invoke/MethodType;)Ljava/lang/invoke/MethodHandle;+23 java.base@18
j  java.lang.invoke.MethodHandleImpl$1.findStatic(Ljava/lang/Class;Ljava/lang/String;Ljava/lang/invoke/MethodType;)Ljava/lang/invoke/MethodHandle;+6 java.base@18
j  jdk.internal.reflect.MethodHandleAccessorFactory.getDirectMethod(Ljava/lang/reflect/Method;Z)Ljava/lang/invoke/MethodHandle;+36 java.base@18
j  jdk.internal.reflect.MethodHandleAccessorFactory.newMethodAccessor(Ljava/lang/reflect/Method;Z)Ljdk/internal/reflect/MethodAccessorImpl;+41 java.base@18
j  jdk.internal.reflect.ReflectionFactory.newMethodAccessor(Ljava/lang/reflect/Method;Z)Ljdk/internal/reflect/MethodAccessor;+31 java.base@18
j  java.lang.reflect.Method.acquireMethodAccessor()Ljdk/internal/reflect/MethodAccessor;+38 java.base@18
j  java.lang.reflect.Method.invoke(Ljava/lang/Object;[Ljava/lang/Object;)Ljava/lang/Object;+75 java.base@18
j  java.lang.Class.getEnumConstantsShared()[Ljava/lang/Object;+49 java.base@18
j  java.lang.Class.enumConstantDirectory()Ljava/util/Map;+10 java.base@18
j  java.lang.Enum.valueOf(Ljava/lang/Class;Ljava/lang/String;)Ljava/lang/Enum;+1 java.base@18
j  javax.lang.model.SourceVersion.valueOf(Ljava/lang/String;)Ljavax/lang/model/SourceVersion;+3 java.compiler@18
j  javax.lang.model.SourceVersion.getLatestSupported()Ljavax/lang/model/SourceVersion;+24 java.compiler@18
j  javax.lang.model.SourceVersion.<clinit>()V+285 java.compiler@18
v  ~StubRoutines::call_stub
j  com.sun.tools.javac.code.Source.toSourceVersion(Lcom/sun/tools/javac/code/Source;)Ljavax/lang/model/SourceVersion;+128 jdk.compiler@18
j  com.sun.tools.javac.main.Arguments.validate()Z+1585 jdk.compiler@18
j  com.sun.tools.javac.main.Main.compile([Ljava/lang/String;Lcom/sun/tools/javac/util/Context;)Lcom/sun/tools/javac/main/Main$Result;+403 jdk.compiler@18
j  com.sun.tools.javac.main.Main.compile([Ljava/lang/String;)Lcom/sun/tools/javac/main/Main$Result;+15 jdk.compiler@18
j  com.sun.tools.javac.Main.compile([Ljava/lang/String;)I+12 jdk.compiler@18
j  com.sun.tools.javac.Main.main([Ljava/lang/String;)V+1 jdk.compiler@18
v  ~StubRoutines::call_stub

---------------  P R O C E S S  ---------------

Threads class SMR info:
_java_thread_list=0x000001e104c8f0f0, length=12, elements={
0x000001e160793ce0, 0x000001e1608576b0, 0x000001e100784030, 0x000001e1007953b0,
0x000001e100795c60, 0x000001e100796600, 0x000001e100796fa0, 0x000001e10079bc90,
0x000001e10079c670, 0x000001e1007a7070, 0x000001e104c62cd0, 0x000001e104ca64d0
}

Java Threads: ( => current thread )
=>0x000001e160793ce0 JavaThread "main" [_thread_in_vm, id=10808, stack(0x000000b27f100000,0x000000b27f200000)]
  0x000001e1608576b0 JavaThread "Reference Handler" daemon [_thread_blocked, id=17888, stack(0x000000b27f800000,0x000000b27f900000)]
  0x000001e100784030 JavaThread "Finalizer" daemon [_thread_blocked, id=41468, stack(0x000000b27f900000,0x000000b27fa00000)]
  0x000001e1007953b0 JavaThread "Signal Dispatcher" daemon [_thread_blocked, id=41836, stack(0x000000b27fa00000,0x000000b27fb00000)]
  0x000001e100795c60 JavaThread "Attach Listener" daemon [_thread_blocked, id=32212, stack(0x000000b27fb00000,0x000000b27fc00000)]
  0x000001e100796600 JavaThread "Service Thread" daemon [_thread_blocked, id=37080, stack(0x000000b27fc00000,0x000000b27fd00000)]
  0x000001e100796fa0 JavaThread "Monitor Deflation Thread" daemon [_thread_blocked, id=17172, stack(0x000000b27fd00000,0x000000b27fe00000)]
  0x000001e10079bc90 JavaThread "C2 CompilerThread0" daemon [_thread_blocked, id=39508, stack(0x000000b27fe00000,0x000000b27ff00000)]
  0x000001e10079c670 JavaThread "C1 CompilerThread0" daemon [_thread_blocked, id=42572, stack(0x000000b27ff00000,0x000000b280000000)]
  0x000001e1007a7070 JavaThread "Sweeper thread" daemon [_thread_blocked, id=42160, stack(0x000000b200000000,0x000000b200100000)]
  0x000001e104c62cd0 JavaThread "Common-Cleaner" daemon [_thread_blocked, id=28296, stack(0x000000b200100000,0x000000b200200000)]
  0x000001e104ca64d0 JavaThread "Notification Thread" daemon [_thread_blocked, id=41916, stack(0x000000b200200000,0x000000b200300000)]

Other Threads:
  0x000001e16080a020 VMThread "VM Thread" [stack: 0x000000b27f700000,0x000000b27f800000] [id=1504]
  0x000001e104ca6990 WatcherThread "VM Periodic Task Thread" [stack: 0x000000b200300000,0x000000b200400000] [id=30736]
  0x000001e1607f32d0 WorkerThread "GC Thread#0" [stack: 0x000000b27f200000,0x000000b27f300000] [id=26160]
  0x000001e160803980 ConcurrentGCThread "G1 Main Marker" [stack: 0x000000b27f300000,0x000000b27f400000] [id=42960]
  0x000001e1608044d0 WorkerThread "G1 Conc#0" [stack: 0x000000b27f400000,0x000000b27f500000] [id=23116]
  0x000001e160832730 ConcurrentGCThread "G1 Refine#0" [stack: 0x000000b27f500000,0x000000b27f600000] [id=41848]
  0x000001e160833040 ConcurrentGCThread "G1 Service" [stack: 0x000000b27f600000,0x000000b27f700000] [id=40928]

Threads with active compile tasks:

VM state: not at safepoint (normal execution)

VM Mutex/Monitor currently owned by a thread: None

Heap address: 0x0000000084400000, size: 1980 MB, Compressed Oops mode: 32-bit

CDS archive(s) mapped at: [0x0000000800000000-0x0000000800ba0000-0x0000000800ba0000), size 12189696, SharedBaseAddress: 0x0000000800000000, ArchiveRelocationMode: 0.
Compressed class space mapped at: 0x0000000800c00000-0x0000000840c00000, reserved size: 1073741824
Narrow klass base: 0x0000000800000000, Narrow klass shift: 0, Narrow klass range: 0x100000000

GC Precious Log:
 CardTable entry size: 512
 Card Set container configuration: InlinePtr #cards 5 size 8 Array Of Cards #cards 12 size 40 Howl #buckets 4 coarsen threshold 1843 Howl Bitmap #cards 512 size 80 coarsen threshold 460 Card regions per heap region 1 cards per card region 2048
 CPUs: 8 total, 8 available
 Memory: 7915M
 Large Page Support: Disabled
 NUMA Support: Disabled
 Compressed Oops: Enabled (32-bit)
 Heap Region Size: 1M
 Heap Min Capacity: 8M
 Heap Initial Capacity: 8M
 Heap Max Capacity: 1980M
 Pre-touch: Disabled
 Parallel Workers: 8
 Concurrent Workers: 2
 Concurrent Refinement Workers: 8
 Periodic GC: Disabled

Heap:
 garbage-first heap   total 8192K, used 2048K [0x0000000084400000, 0x0000000100000000)
  region size 1024K, 3 young (3072K), 0 survivors (0K)
 Metaspace       used 2262K, committed 2432K, reserved 1114112K
  class space    used 256K, committed 384K, reserved 1048576K

Heap Regions: E=young(eden), S=young(survivor), O=old, HS=humongous(starts), HC=humongous(continues), CS=collection set, F=free, OA=open archive, CA=closed archive, TAMS=top-at-mark-start (previous, next)
|   0|0x0000000084400000, 0x0000000084400000, 0x0000000084500000|  0%| F|  |TAMS 0x0000000084400000, 0x0000000084400000| Untracked 
|   1|0x0000000084500000, 0x0000000084500000, 0x0000000084600000|  0%| F|  |TAMS 0x0000000084500000, 0x0000000084500000| Untracked 
|   2|0x0000000084600000, 0x0000000084600000, 0x0000000084700000|  0%| F|  |TAMS 0x0000000084600000, 0x0000000084600000| Untracked 
|   3|0x0000000084700000, 0x0000000084700000, 0x0000000084800000|  0%| F|  |TAMS 0x0000000084700000, 0x0000000084700000| Untracked 
|   4|0x0000000084800000, 0x0000000084800000, 0x0000000084900000|  0%| F|  |TAMS 0x0000000084800000, 0x0000000084800000| Untracked 
|   5|0x0000000084900000, 0x00000000849e7180, 0x0000000084a00000| 90%| E|  |TAMS 0x0000000084900000, 0x0000000084900000| Complete 
|   6|0x0000000084a00000, 0x0000000084b00000, 0x0000000084b00000|100%| E|CS|TAMS 0x0000000084a00000, 0x0000000084a00000| Complete 
|   7|0x0000000084b00000, 0x0000000084c00000, 0x0000000084c00000|100%| E|CS|TAMS 0x0000000084b00000, 0x0000000084b00000| Complete 

Card table byte_map: [0x000001e1796f0000,0x000001e179ad0000] _byte_map_base: 0x000001e1792ce000

Marking Bits (Prev, Next): (CMBitMap*) 0x000001e1607f38d0, (CMBitMap*) 0x000001e1607f3910
 Prev Bits: [0x000001e179eb0000, 0x000001e17bda0000)
 Next Bits: [0x000001e17bda0000, 0x000001e17dc90000)

Polling page: 0x000001e160860000

Metaspace:

Usage:
  Non-class:      1.96 MB used.
      Class:    256.92 KB used.
       Both:      2.21 MB used.

Virtual space:
  Non-class space:       64.00 MB reserved,       2.00 MB (  3%) committed,  1 nodes.
      Class space:        1.00 GB reserved,     384.00 KB ( <1%) committed,  1 nodes.
             Both:        1.06 GB reserved,       2.38 MB ( <1%) committed. 

Chunk freelists:
   Non-Class:  2.83 MB
       Class:  3.56 MB
        Both:  6.39 MB

MaxMetaspaceSize: unlimited
CompressedClassSpaceSize: 1.00 GB
Initial GC threshold: 21.00 MB
Current GC threshold: 21.00 MB
CDS: on
MetaspaceReclaimPolicy: balanced
 - commit_granule_bytes: 65536.
 - commit_granule_words: 8192.
 - virtual_space_node_default_size: 8388608.
 - enlarge_chunks_in_place: 1.
 - new_chunks_are_fully_committed: 0.
 - uncommit_free_chunks: 1.
 - use_allocation_guard: 0.


Internal statistics:

num_allocs_failed_limit: 0.
num_arena_births: 42.
num_arena_deaths: 0.
num_vsnodes_births: 2.
num_vsnodes_deaths: 0.
num_space_committed: 38.
num_space_uncommitted: 0.
num_chunks_returned_to_freelist: 0.
num_chunks_taken_from_freelist: 111.
num_chunk_merges: 0.
num_chunk_splits: 72.
num_chunks_enlarged: 53.
num_inconsistent_stats: 0.

CodeHeap 'non-profiled nmethods': size=120000Kb used=136Kb max_used=136Kb free=119863Kb
 bounds [0x000001e171370000, 0x000001e1715e0000, 0x000001e1788a0000]
CodeHeap 'profiled nmethods': size=120000Kb used=528Kb max_used=528Kb free=119471Kb
 bounds [0x000001e169e40000, 0x000001e16a0b0000, 0x000001e171370000]
CodeHeap 'non-nmethods': size=5760Kb used=1129Kb max_used=1143Kb free=4630Kb
 bounds [0x000001e1698a0000, 0x000001e169b10000, 0x000001e169e40000]
 total_blobs=806 nmethods=420 adapters=299
 compilation: enabled
              stopped_count=0, restarted_count=0
 full_count=0

Compilation events (20 events):
Event: 0.126 Thread 0x000001e10079c670  382       3       jdk.internal.org.objectweb.asm.ByteVector::putInt (74 bytes)
Event: 0.126 Thread 0x000001e10079c670 nmethod 382 0x000001e169eb3290 code [0x000001e169eb3440, 0x000001e169eb36a8]
Event: 0.126 Thread 0x000001e10079c670  381       3       java.lang.invoke.LambdaForm::prepare (112 bytes)
Event: 0.127 Thread 0x000001e10079c670 nmethod 381 0x000001e169eb3810 code [0x000001e169eb3a40, 0x000001e169eb4298]
Event: 0.127 Thread 0x000001e10079c670  383       3       sun.invoke.util.VerifyAccess::isClassAccessible (230 bytes)
Event: 0.127 Thread 0x000001e10079c670 nmethod 383 0x000001e169eb4590 code [0x000001e169eb4880, 0x000001e169eb5718]
Event: 0.127 Thread 0x000001e10079c670  392       3       java.lang.invoke.LambdaForm$BasicType::basicType (19 bytes)
Event: 0.127 Thread 0x000001e10079c670 nmethod 392 0x000001e169eb5b10 code [0x000001e169eb5ce0, 0x000001e169eb5f38]
Event: 0.127 Thread 0x000001e10079c670  387       3       java.lang.invoke.MemberName::flagsMods (73 bytes)
Event: 0.128 Thread 0x000001e10079c670 nmethod 387 0x000001e169eb6090 code [0x000001e169eb6220, 0x000001e169eb6358]
Event: 0.128 Thread 0x000001e10079c670  388       3       java.lang.invoke.MemberName::init (67 bytes)
Event: 0.128 Thread 0x000001e10079c670 nmethod 388 0x000001e169eb6410 code [0x000001e169eb65c0, 0x000001e169eb67f8]
Event: 0.128 Thread 0x000001e10079c670  394       3       java.lang.invoke.LambdaForm::argument (27 bytes)
Event: 0.128 Thread 0x000001e10079c670 nmethod 394 0x000001e169eb6890 code [0x000001e169eb6a40, 0x000001e169eb6ca8]
Event: 0.128 Thread 0x000001e10079c670  397       3       java.lang.invoke.MemberName::getInvocationType (56 bytes)
Event: 0.128 Thread 0x000001e10079c670 nmethod 397 0x000001e169eb6e10 code [0x000001e169eb7040, 0x000001e169eb7968]
Event: 0.128 Thread 0x000001e10079c670  401       3       jdk.internal.org.objectweb.asm.Frame::execute (2305 bytes)
Event: 0.130 Thread 0x000001e10079bc90  417       4       jdk.internal.org.objectweb.asm.ByteVector::putUTF8 (144 bytes)
Event: 0.132 Thread 0x000001e10079c670 nmethod 401 0x000001e169eb7c10 code [0x000001e169eb8b20, 0x000001e169ebf818]
Event: 0.132 Thread 0x000001e10079c670  413       3       java.lang.Number::<init> (5 bytes)

GC Heap History (0 events):
No events

Deoptimization events (16 events):
Event: 0.090 Thread 0x000001e160793ce0 Uncommon trap: trap_request=0xffffffc6 fr.pc=0x000001e17137d4d0 relative=0x0000000000000ab0
Event: 0.090 Thread 0x000001e160793ce0 Uncommon trap: reason=bimorphic_or_optimized_type_check action=maybe_recompile pc=0x000001e17137d4d0 method=java.util.HashMap.putVal(ILjava/lang/Object;Ljava/lang/Object;ZZ)Ljava/lang/Object; @ 56 c2
Event: 0.090 Thread 0x000001e160793ce0 DEOPT PACKING pc=0x000001e17137d4d0 sp=0x000000b27f1fe230
Event: 0.090 Thread 0x000001e160793ce0 DEOPT UNPACKING pc=0x000001e1698f5c23 sp=0x000000b27f1fe1c8 mode 2
Event: 0.090 Thread 0x000001e160793ce0 Uncommon trap: trap_request=0xffffffc6 fr.pc=0x000001e17137d4d0 relative=0x0000000000000ab0
Event: 0.090 Thread 0x000001e160793ce0 Uncommon trap: reason=bimorphic_or_optimized_type_check action=maybe_recompile pc=0x000001e17137d4d0 method=java.util.HashMap.putVal(ILjava/lang/Object;Ljava/lang/Object;ZZ)Ljava/lang/Object; @ 56 c2
Event: 0.090 Thread 0x000001e160793ce0 DEOPT PACKING pc=0x000001e17137d4d0 sp=0x000000b27f1fe230
Event: 0.090 Thread 0x000001e160793ce0 DEOPT UNPACKING pc=0x000001e1698f5c23 sp=0x000000b27f1fe1c8 mode 2
Event: 0.090 Thread 0x000001e160793ce0 Uncommon trap: trap_request=0xffffffc6 fr.pc=0x000001e17137d4d0 relative=0x0000000000000ab0
Event: 0.090 Thread 0x000001e160793ce0 Uncommon trap: reason=bimorphic_or_optimized_type_check action=maybe_recompile pc=0x000001e17137d4d0 method=java.util.HashMap.putVal(ILjava/lang/Object;Ljava/lang/Object;ZZ)Ljava/lang/Object; @ 56 c2
Event: 0.090 Thread 0x000001e160793ce0 DEOPT PACKING pc=0x000001e17137d4d0 sp=0x000000b27f1fe230
Event: 0.090 Thread 0x000001e160793ce0 DEOPT UNPACKING pc=0x000001e1698f5c23 sp=0x000000b27f1fe1c8 mode 2
Event: 0.090 Thread 0x000001e160793ce0 Uncommon trap: trap_request=0xffffffc6 fr.pc=0x000001e17137d4d0 relative=0x0000000000000ab0
Event: 0.090 Thread 0x000001e160793ce0 Uncommon trap: reason=bimorphic_or_optimized_type_check action=maybe_recompile pc=0x000001e17137d4d0 method=java.util.HashMap.putVal(ILjava/lang/Object;Ljava/lang/Object;ZZ)Ljava/lang/Object; @ 56 c2
Event: 0.090 Thread 0x000001e160793ce0 DEOPT PACKING pc=0x000001e17137d4d0 sp=0x000000b27f1fe230
Event: 0.090 Thread 0x000001e160793ce0 DEOPT UNPACKING pc=0x000001e1698f5c23 sp=0x000000b27f1fe1c8 mode 2

Classes loaded (20 events):
Event: 0.120 Loading class java/util/stream/Node$OfInt done
Event: 0.120 Loading class java/util/stream/Nodes$EmptyNode$OfInt done
Event: 0.120 Loading class java/util/stream/Nodes$EmptyNode$OfLong
Event: 0.120 Loading class java/util/stream/Node$OfLong
Event: 0.120 Loading class java/util/stream/Node$OfLong done
Event: 0.120 Loading class java/util/stream/Nodes$EmptyNode$OfLong done
Event: 0.120 Loading class java/util/stream/Nodes$EmptyNode$OfDouble
Event: 0.120 Loading class java/util/stream/Node$OfDouble
Event: 0.120 Loading class java/util/stream/Node$OfDouble done
Event: 0.120 Loading class java/util/stream/Nodes$EmptyNode$OfDouble done
Event: 0.120 Loading class java/util/stream/Nodes$FixedNodeBuilder
Event: 0.120 Loading class java/util/stream/Node$Builder
Event: 0.120 Loading class java/util/stream/Node$Builder done
Event: 0.120 Loading class java/util/stream/Nodes$ArrayNode
Event: 0.120 Loading class java/util/stream/Nodes$ArrayNode done
Event: 0.120 Loading class java/util/stream/Nodes$FixedNodeBuilder done
Event: 0.123 Loading class java/text/MessageFormat
Event: 0.123 Loading class java/text/MessageFormat done
Event: 0.124 Loading class java/text/MessageFormat$Field
Event: 0.124 Loading class java/text/MessageFormat$Field done

Classes unloaded (0 events):
No events

Classes redefined (0 events):
No events

Internal exceptions (12 events):
Event: 0.088 Thread 0x000001e160793ce0 Exception <a 'java/lang/NoSuchMethodError'{0x0000000084ae9350}: 'void java.lang.invoke.DirectMethodHandle$Holder.invokeSpecial(java.lang.Object, java.lang.Object, java.lang.Object)'> (0x0000000084ae9350) 
thrown [t:\workspace\open\src\hotspot\share\interpreter\linkResolver.cpp, line 766]
Event: 0.112 Thread 0x000001e160793ce0 Exception <a 'java/lang/NoSuchMethodError'{0x00000000849414f8}: 'java.lang.Object java.lang.invoke.DirectMethodHandle$Holder.invokeVirtual(java.lang.Object, java.lang.Object, java.lang.Object)'> (0x00000000849414f8) 
thrown [t:\workspace\open\src\hotspot\share\interpreter\linkResolver.cpp, line 766]
Event: 0.114 Thread 0x000001e160793ce0 Exception <a 'java/lang/NoSuchMethodError'{0x000000008494bc20}: 'int java.lang.invoke.DirectMethodHandle$Holder.invokeInterface(java.lang.Object, java.lang.Object)'> (0x000000008494bc20) 
thrown [t:\workspace\open\src\hotspot\share\interpreter\linkResolver.cpp, line 766]
Event: 0.116 Thread 0x000001e160793ce0 Exception <a 'sun/nio/fs/WindowsException'{0x0000000084954358}> (0x0000000084954358) 
thrown [t:\workspace\open\src\hotspot\share\prims\jni.cpp, line 516]
Event: 0.116 Thread 0x000001e160793ce0 Exception <a 'sun/nio/fs/WindowsException'{0x0000000084954ba8}> (0x0000000084954ba8) 
thrown [t:\workspace\open\src\hotspot\share\prims\jni.cpp, line 516]
Event: 0.116 Thread 0x000001e160793ce0 Exception <a 'sun/nio/fs/WindowsException'{0x00000000849557d0}> (0x00000000849557d0) 
thrown [t:\workspace\open\src\hotspot\share\prims\jni.cpp, line 516]
Event: 0.117 Thread 0x000001e160793ce0 Exception <a 'sun/nio/fs/WindowsException'{0x0000000084955af0}> (0x0000000084955af0) 
thrown [t:\workspace\open\src\hotspot\share\prims\jni.cpp, line 516]
Event: 0.117 Thread 0x000001e160793ce0 Exception <a 'sun/nio/fs/WindowsException'{0x0000000084957bc8}> (0x0000000084957bc8) 
thrown [t:\workspace\open\src\hotspot\share\prims\jni.cpp, line 516]
Event: 0.117 Thread 0x000001e160793ce0 Exception <a 'sun/nio/fs/WindowsException'{0x0000000084957df8}> (0x0000000084957df8) 
thrown [t:\workspace\open\src\hotspot\share\prims\jni.cpp, line 516]
Event: 0.125 Thread 0x000001e160793ce0 Exception <a 'java/lang/NoSuchMethodError'{0x00000000849abc90}: 'int java.lang.invoke.DirectMethodHandle$Holder.invokeVirtual(java.lang.Object, java.lang.Object, java.lang.Object)'> (0x00000000849abc90) 
thrown [t:\workspace\open\src\hotspot\share\interpreter\linkResolver.cpp, line 766]
Event: 0.126 Thread 0x000001e160793ce0 Exception <a 'java/lang/NoSuchMethodError'{0x00000000849b22b0}: 'void java.lang.invoke.DirectMethodHandle$Holder.invokeInterface(java.lang.Object, java.lang.Object, java.lang.Object)'> (0x00000000849b22b0) 
thrown [t:\workspace\open\src\hotspot\share\interpreter\linkResolver.cpp, line 766]
Event: 0.131 Thread 0x000001e160793ce0 Exception <a 'java/lang/NoSuchMethodError'{0x00000000849de198}: 'java.lang.Object java.lang.invoke.DirectMethodHandle$Holder.invokeStaticInit(java.lang.Object)'> (0x00000000849de198) 
thrown [t:\workspace\open\src\hotspot\share\interpreter\linkResolver.cpp, line 766]

VM Operations (6 events):
Event: 0.042 Executing VM operation: HandshakeAllThreads
Event: 0.042 Executing VM operation: HandshakeAllThreads done
Event: 0.090 Executing VM operation: HandshakeAllThreads
Event: 0.090 Executing VM operation: HandshakeAllThreads done
Event: 0.112 Executing VM operation: HandshakeAllThreads
Event: 0.112 Executing VM operation: HandshakeAllThreads done

Events (17 events):
Event: 0.007 Loaded shared library C:\Program Files\Java\jdk-18\bin\java.dll
Event: 0.014 Loaded shared library C:\Program Files\Java\jdk-18\bin\jsvml.dll
Event: 0.014 Thread 0x000001e160793ce0 Thread added: 0x000001e160793ce0
Event: 0.016 Thread 0x000001e1608576b0 Thread added: 0x000001e1608576b0
Event: 0.016 Thread 0x000001e100784030 Thread added: 0x000001e100784030
Event: 0.025 Thread 0x000001e1007953b0 Thread added: 0x000001e1007953b0
Event: 0.025 Thread 0x000001e100795c60 Thread added: 0x000001e100795c60
Event: 0.025 Thread 0x000001e100796600 Thread added: 0x000001e100796600
Event: 0.025 Thread 0x000001e100796fa0 Thread added: 0x000001e100796fa0
Event: 0.025 Thread 0x000001e10079bc90 Thread added: 0x000001e10079bc90
Event: 0.025 Thread 0x000001e10079c670 Thread added: 0x000001e10079c670
Event: 0.025 Thread 0x000001e1007a7070 Thread added: 0x000001e1007a7070
Event: 0.037 Thread 0x000001e104c62cd0 Thread added: 0x000001e104c62cd0
Event: 0.049 Thread 0x000001e104ca64d0 Thread added: 0x000001e104ca64d0
Event: 0.052 Loaded shared library C:\Program Files\Java\jdk-18\bin\jimage.dll
Event: 0.098 Loaded shared library C:\Program Files\Java\jdk-18\bin\net.dll
Event: 0.099 Loaded shared library C:\Program Files\Java\jdk-18\bin\nio.dll


Dynamic libraries:
0x00007ff6414b0000 - 0x00007ff6414b8000 	C:\Program Files\Java\jdk-18\bin\javac.exe
0x00007ffd48d20000 - 0x00007ffd48f29000 	C:\Windows\SYSTEM32\ntdll.dll
0x00007ffd47e20000 - 0x00007ffd47ede000 	C:\Windows\System32\KERNEL32.DLL
0x00007ffd46680000 - 0x00007ffd469fc000 	C:\Windows\System32\KERNELBASE.dll
0x00007ffd46a80000 - 0x00007ffd46b91000 	C:\Windows\System32\ucrtbase.dll
0x00007ffd3d280000 - 0x00007ffd3d29a000 	C:\Program Files\Java\jdk-18\bin\VCRUNTIME140.dll
0x00007ffd3b200000 - 0x00007ffd3b218000 	C:\Program Files\Java\jdk-18\bin\jli.dll
0x00007ffd483c0000 - 0x00007ffd4846e000 	C:\Windows\System32\ADVAPI32.dll
0x00007ffd47ee0000 - 0x00007ffd47f83000 	C:\Windows\System32\msvcrt.dll
0x00007ffd48c20000 - 0x00007ffd48cbe000 	C:\Windows\System32\sechost.dll
0x00007ffd47d00000 - 0x00007ffd47e20000 	C:\Windows\System32\RPCRT4.dll
0x00007ffd47890000 - 0x00007ffd47a3d000 	C:\Windows\System32\USER32.dll
0x00007ffd463d0000 - 0x00007ffd463f6000 	C:\Windows\System32\win32u.dll
0x00007ffd48270000 - 0x00007ffd48299000 	C:\Windows\System32\GDI32.dll
0x00007ffd462b0000 - 0x00007ffd463c8000 	C:\Windows\System32\gdi32full.dll
0x00007ffd3bcb0000 - 0x00007ffd3bf55000 	C:\Windows\WinSxS\amd64_microsoft.windows.common-controls_6595b64144ccf1df_6.0.22000.120_none_9d947278b86cc467\COMCTL32.dll
0x00007ffd465e0000 - 0x00007ffd4667d000 	C:\Windows\System32\msvcp_win.dll
0x00007ffd3bf60000 - 0x00007ffd3bf6a000 	C:\Windows\SYSTEM32\VERSION.dll
0x00007ffd47f90000 - 0x00007ffd47fc2000 	C:\Windows\System32\IMM32.DLL
0x00007ffd3f090000 - 0x00007ffd3f09c000 	C:\Program Files\Java\jdk-18\bin\vcruntime140_1.dll
0x00007ffd29830000 - 0x00007ffd298bd000 	C:\Program Files\Java\jdk-18\bin\msvcp140.dll
0x00007ffcee3d0000 - 0x00007ffceefe1000 	C:\Program Files\Java\jdk-18\bin\server\jvm.dll
0x00007ffd47fd0000 - 0x00007ffd47fd8000 	C:\Windows\System32\PSAPI.DLL
0x00007ffd32c40000 - 0x00007ffd32c49000 	C:\Windows\SYSTEM32\WSOCK32.dll
0x00007ffd3e3a0000 - 0x00007ffd3e3d3000 	C:\Windows\SYSTEM32\WINMM.dll
0x00007ffd48200000 - 0x00007ffd4826f000 	C:\Windows\System32\WS2_32.dll
0x00007ffd452f0000 - 0x00007ffd45308000 	C:\Windows\SYSTEM32\kernel.appcore.dll
0x00007ffd3d2c0000 - 0x00007ffd3d2ca000 	C:\Program Files\Java\jdk-18\bin\jimage.dll
0x00007ffd43c60000 - 0x00007ffd43e81000 	C:\Windows\SYSTEM32\DBGHELP.DLL
0x00007ffd3c710000 - 0x00007ffd3c741000 	C:\Windows\SYSTEM32\dbgcore.DLL
0x00007ffd46a00000 - 0x00007ffd46a7f000 	C:\Windows\System32\bcryptPrimitives.dll
0x00007ffd3bfd0000 - 0x00007ffd3bff5000 	C:\Program Files\Java\jdk-18\bin\java.dll
0x00007ffd248a0000 - 0x00007ffd24976000 	C:\Program Files\Java\jdk-18\bin\jsvml.dll
0x00007ffd46ba0000 - 0x00007ffd47365000 	C:\Windows\System32\SHELL32.dll
0x00007ffd442a0000 - 0x00007ffd44b05000 	C:\Windows\SYSTEM32\windows.storage.dll
0x00007ffd485d0000 - 0x00007ffd48948000 	C:\Windows\System32\combase.dll
0x00007ffd44130000 - 0x00007ffd44296000 	C:\Windows\SYSTEM32\wintypes.dll
0x00007ffd47c10000 - 0x00007ffd47cfa000 	C:\Windows\System32\SHCORE.dll
0x00007ffd481a0000 - 0x00007ffd481fd000 	C:\Windows\System32\shlwapi.dll
0x00007ffd46120000 - 0x00007ffd46141000 	C:\Windows\SYSTEM32\profapi.dll
0x00007ffd3d5a0000 - 0x00007ffd3d5b3000 	C:\Program Files\Java\jdk-18\bin\net.dll
0x00007ffd3f130000 - 0x00007ffd3f244000 	C:\Windows\SYSTEM32\WINHTTP.dll
0x00007ffd45800000 - 0x00007ffd45867000 	C:\Windows\system32\mswsock.dll
0x00007ffd3d210000 - 0x00007ffd3d226000 	C:\Program Files\Java\jdk-18\bin\nio.dll

dbghelp: loaded successfully - version: 4.0.5 - missing functions: none
symbol engine: initialized successfully - sym options: 0x614 - pdb path: .;C:\Program Files\Java\jdk-18\bin;C:\Windows\SYSTEM32;C:\Windows\WinSxS\amd64_microsoft.windows.common-controls_6595b64144ccf1df_6.0.22000.120_none_9d947278b86cc467;C:\Program Files\Java\jdk-18\bin\server

VM Arguments:
jvm_args: -Dapplication.home=C:\Program Files\Java\jdk-18 --add-modules=ALL-DEFAULT -Xms8m -Djdk.module.main=jdk.compiler 
java_command: jdk.compiler/com.sun.tools.javac.Main -d C:\Users\rapha\OneDrive\Documents\NetBeansProjects\Library\build\classes -classpath C:\Users\rapha\OneDrive\Documents\NetBeansProjects\Library\build\classes -sourcepath C:\Users\rapha\OneDrive\Documents\NetBeansProjects\Library\src -target 1.8 -encoding UTF-8 -g -processorpath C:\Users\rapha\OneDrive\Documents\NetBeansProjects\Library\build\empty -s C:\Users\rapha\OneDrive\Documents\NetBeansProjects\Library\build\generated-sources\ap-source-output -source 1.8 C:\Users\rapha\OneDrive\Documents\NetBeansProjects\Library\src\view\Menu.java
java_class_path (initial): <not set>
Launcher Type: SUN_STANDARD

[Global flags]
     intx CICompilerCount                          = 4                                         {product} {ergonomic}
     uint ConcGCThreads                            = 2                                         {product} {ergonomic}
     uint G1ConcRefinementThreads                  = 8                                         {product} {ergonomic}
   size_t G1HeapRegionSize                         = 1048576                                   {product} {ergonomic}
    uintx GCDrainStackTargetSize                   = 64                                        {product} {ergonomic}
   size_t InitialHeapSize                          = 8388608                                   {product} {command line}
   size_t MarkStackSize                            = 4194304                                   {product} {ergonomic}
   size_t MaxHeapSize                              = 2076180480                                {product} {ergonomic}
   size_t MaxNewSize                               = 1245708288                                {product} {ergonomic}
   size_t MinHeapDeltaBytes                        = 1048576                                   {product} {ergonomic}
   size_t MinHeapSize                              = 8388608                                   {product} {command line}
    uintx NonNMethodCodeHeapSize                   = 5839372                                {pd product} {ergonomic}
    uintx NonProfiledCodeHeapSize                  = 122909434                              {pd product} {ergonomic}
    uintx ProfiledCodeHeapSize                     = 122909434                              {pd product} {ergonomic}
    uintx ReservedCodeCacheSize                    = 251658240                              {pd product} {ergonomic}
     bool SegmentedCodeCache                       = true                                      {product} {ergonomic}
   size_t SoftMaxHeapSize                          = 2076180480                             {manageable} {ergonomic}
     bool UseCompressedClassPointers               = true                           {product lp64_product} {ergonomic}
     bool UseCompressedOops                        = true                           {product lp64_product} {ergonomic}
     bool UseG1GC                                  = true                                      {product} {ergonomic}
     bool UseLargePagesIndividualAllocation        = false                                  {pd product} {ergonomic}

Logging:
Log output configuration:
 #0: stdout all=warning uptime,level,tags foldmultilines=false
 #1: stderr all=off uptime,level,tags foldmultilines=false

Environment Variables:
PATH=C:\Program Files\Common Files\Oracle\Java\javapath;C:\Program Files (x86)\Common Files\Oracle\Java\javapath;C:\Windows\system32;C:\Windows;C:\Windows\System32\Wbem;C:\Windows\System32\WindowsPowerShell\v1.0\;C:\Windows\System32\OpenSSH\;C:\Program Files (x86)\Microsoft SQL Server\150\DTS\Binn\;C:\Program Files\Azure Data Studio\bin;C:\Program Files\Microsoft SQL Server\Client SDK\ODBC\130\Tools\Binn\;C:\Program Files (x86)\Microsoft SQL Server\140\Tools\Binn\;C:\Program Files\Microsoft SQL Server\140\Tools\Binn\;C:\Program Files\Microsoft SQL Server\140\DTS\Binn\;C:\Program Files\nodejs\;C:\Program Files\PuTTY\;C:\Program Files\Amazon\AWSCLIV2\;C:\Users\rapha\AppData\Local\Microsoft\WindowsApps;;C:\Program Files\Azure Data Studio\bin;C:\Users\rapha\AppData\Roaming\npm;C:\Users\rapha\AppData\Local\Programs\Microsoft VS Code\bin
USERNAME=rapha
OS=Windows_NT
PROCESSOR_IDENTIFIER=Intel64 Family 6 Model 140 Stepping 1, GenuineIntel



---------------  S Y S T E M  ---------------

OS:
 Windows 11 , 64 bit Build 22000 (10.0.22000.1516)
OS uptime: 22 days 1:07 hours
Hyper-V role detected

CPU: total 8 (initial active 8) (4 cores per cpu, 2 threads per core) family 6 model 140 stepping 1 microcode 0x8a, cx8, cmov, fxsr, ht, mmx, 3dnowpref, sse, sse2, sse3, ssse3, sse4.1, sse4.2, popcnt, lzcnt, tsc, tscinvbit, avx, avx2, aes, erms, clmul, bmi1, bmi2, adx, avx512f, avx512dq, avx512cd, avx512bw, avx512vl, sha, fma, vzeroupper, avx512_vpopcntdq, avx512_vpclmulqdq, avx512_vaes, avx512_vnni, clflush, clflushopt, clwb, avx512_vbmi2, avx512_vbmi, hv

Memory: 4k page, system-wide physical 7915M (662M free)
TotalPageFile size 32491M (AvailPageFile size 4M)
current process WorkingSet (physical memory assigned to process): 40M, peak: 40M
current process commit charge ("private bytes"): 89M, peak: 89M

vm_info: Java HotSpot(TM) 64-Bit Server VM (18+36-2087) for windows-amd64 JRE (18+36-2087), built on Feb 15 2022 09:43:11 by "mach5one" with MS VC++ 16.8 / 16.9 (VS2019)

END.
