#
# There is insufficient memory for the Java Runtime Environment to continue.
# Native memory allocation (mmap) failed to map 65536 bytes for Failed to commit metaspace.
# Possible reasons:
#   The system is out of physical RAM or swap space
#   The process is running with CompressedOops enabled, and the Java Heap may be blocking the growth of the native heap
# Possible solutions:
#   Reduce memory load on the system
#   Increase physical memory or swap space
#   Check if swap backing store is full
#   Decrease Java heap size (-Xmx/-Xms)
#   Decrease number of Java threads
#   Decrease Java thread stack sizes (-Xss)
#   Set larger code cache with -XX:ReservedCodeCacheSize=
#   JVM is running with Unscaled Compressed Oops mode in which the Java heap is
#     placed in the first 4GB address space. The Java Heap base address is the
#     maximum limit for the native heap growth. Please use -XX:HeapBaseMinAddress
#     to set the Java Heap base and to place the Java Heap above 4GB virtual address.
# This output file may be truncated or incomplete.
#
#  Out of Memory Error (virtualSpaceNode.cpp:110), pid=33100, tid=25080
#
# JRE version:  (18.0+36) (build )
# Java VM: Java HotSpot(TM) 64-Bit Server VM (18+36-2087, mixed mode, tiered, compressed oops, compressed class ptrs, g1 gc, windows-amd64)
# No core dump will be written. Minidumps are not enabled by default on client versions of Windows
#

---------------  S U M M A R Y ------------

Command Line: -Dapplication.home=C:\Program Files\Java\jdk-18 --add-modules=ALL-DEFAULT -Xms8m -Djdk.module.main=jdk.compiler jdk.compiler/com.sun.tools.javac.Main -d C:\Users\rapha\OneDrive\Documents\NetBeansProjects\Library\build\classes -classpath C:\Users\rapha\OneDrive\Documents\NetBeansProjects\Library\build\classes -sourcepath C:\Users\rapha\OneDrive\Documents\NetBeansProjects\Library\src -target 1.8 -encoding UTF-8 -g -processorpath C:\Users\rapha\OneDrive\Documents\NetBeansProjects\Library\build\empty -s C:\Users\rapha\OneDrive\Documents\NetBeansProjects\Library\build\generated-sources\ap-source-output -source 1.8 C:\Users\rapha\OneDrive\Documents\NetBeansProjects\Library\src\view\Menu.java

Host: 11th Gen Intel(R) Core(TM) i5-1135G7 @ 2.40GHz, 8 cores, 7G,  Windows 11 , 64 bit Build 22000 (10.0.22000.1516)
Time: Fri Apr  7 19:53:41 2023 GMT Summer Time elapsed time: 0.016861 seconds (0d 0h 0m 0s)

---------------  T H R E A D  ---------------

Current thread (0x000001db6fa35510):  JavaThread "Unknown thread" [_thread_in_vm, id=25080, stack(0x0000006cd1d00000,0x0000006cd1e00000)]

Stack: [0x0000006cd1d00000,0x0000006cd1e00000]
Native frames: (J=compiled Java code, j=interpreted, Vv=VM code, C=native code)
V  [jvm.dll+0x69804a]
V  [jvm.dll+0x7f308d]
V  [jvm.dll+0x7f499e]
V  [jvm.dll+0x7f5053]
V  [jvm.dll+0x25ca3f]
V  [jvm.dll+0x7eed9b]
V  [jvm.dll+0x63e276]
V  [jvm.dll+0x63e2da]
V  [jvm.dll+0x640b5e]
V  [jvm.dll+0x640a1e]
V  [jvm.dll+0x63ec3e]
V  [jvm.dll+0x6492b7]
V  [jvm.dll+0x202381]
V  [jvm.dll+0x2028b5]
V  [jvm.dll+0x2032ef]
V  [jvm.dll+0x1f8781]
V  [jvm.dll+0x55cea5]
V  [jvm.dll+0x209637]
V  [jvm.dll+0x76c73d]
V  [jvm.dll+0x76da76]
V  [jvm.dll+0x76dda8]
V  [jvm.dll+0x7f147f]
V  [jvm.dll+0x7f114f]
V  [jvm.dll+0x7c0504]
V  [jvm.dll+0x7c1bed]
V  [jvm.dll+0x38b831]
V  [jvm.dll+0x7a09d3]
V  [jvm.dll+0x40d6bf]
V  [jvm.dll+0x40f091]
C  [jli.dll+0x526b]
C  [ucrtbase.dll+0x26c0c]
C  [KERNEL32.DLL+0x155a0]
C  [ntdll.dll+0x485b]


---------------  P R O C E S S  ---------------

Threads class SMR info:
_java_thread_list=0x00007ffcbd9de550, length=0, elements={
}

Java Threads: ( => current thread )

Other Threads:
  0x000001db6fa93ff0 WorkerThread "GC Thread#0" [stack: 0x0000006cd1e00000,0x0000006cd1f00000] [id=33156]
  0x000001db6faa45a0 ConcurrentGCThread "G1 Main Marker" [stack: 0x0000006cd1f00000,0x0000006cd2000000] [id=25072]
  0x000001db6faa4ff0 WorkerThread "G1 Conc#0" [stack: 0x0000006cd2000000,0x0000006cd2100000] [id=26616]
  0x000001db6facde10 ConcurrentGCThread "G1 Refine#0" [stack: 0x0000006cd2100000,0x0000006cd2200000] [id=11836]
  0x000001db6face720 ConcurrentGCThread "G1 Service" [stack: 0x0000006cd2200000,0x0000006cd2300000] [id=1280]

=>0x000001db6fa35510 (exited) JavaThread "Unknown thread" [_thread_in_vm, id=25080, stack(0x0000006cd1d00000,0x0000006cd1e00000)]

Threads with active compile tasks:

VM state: not at safepoint (not fully initialized)

VM Mutex/Monitor currently owned by a thread:  ([mutex/lock_event])
[0x000001db6fa2cf20] Metaspace_lock - owner thread: 0x000001db6fa35510

Heap address: 0x0000000084400000, size: 1980 MB, Compressed Oops mode: 32-bit

CDS archive(s) not mapped
Compressed class space mapped at: 0x0000000100000000-0x0000000140000000, reserved size: 1073741824
Narrow klass base: 0x0000000000000000, Narrow klass shift: 3, Narrow klass range: 0x140000000

GC Precious Log:
 CardTable entry size: 512
 Card Set container configuration: InlinePtr #cards 5 size 8 Array Of Cards #cards 12 size 40 Howl #buckets 4 coarsen threshold 1843 Howl Bitmap #cards 512 size 80 coarsen threshold 460 Card regions per heap region 1 cards per card region 2048
 CPUs: 8 total, 8 available
 Memory: 7915M
 Large Page Support: Disabled
 NUMA Support: Disabled
 Compressed Oops: Enabled (32-bit)
 Heap Region Size: 1M
 Heap Min Capacity: 8M
 Heap Initial Capacity: 8M
 Heap Max Capacity: 1980M
 Pre-touch: Disabled
 Parallel Workers: 8
 Concurrent Workers: 2
 Concurrent Refinement Workers: 8
 Periodic GC: Disabled

Heap:
 garbage-first heap   total 8192K, used 0K [0x0000000084400000, 0x0000000100000000)
  region size 1024K, 1 young (1024K), 0 survivors (0K)
 Metaspace       used 280K, committed 320K, reserved 1114112K
  class space    used 24K, committed 64K, reserved 1048576K

Heap Regions: E=young(eden), S=young(survivor), O=old, HS=humongous(starts), HC=humongous(continues), CS=collection set, F=free, OA=open archive, CA=closed archive, TAMS=top-at-mark-start (previous, next)
|   0|0x0000000084400000, 0x0000000084400000, 0x0000000084500000|  0%| F|  |TAMS 0x0000000084400000, 0x0000000084400000| Untracked 
|   1|0x0000000084500000, 0x0000000084500000, 0x0000000084600000|  0%| F|  |TAMS 0x0000000084500000, 0x0000000084500000| Untracked 
|   2|0x0000000084600000, 0x0000000084600000, 0x0000000084700000|  0%| F|  |TAMS 0x0000000084600000, 0x0000000084600000| Untracked 
|   3|0x0000000084700000, 0x0000000084700000, 0x0000000084800000|  0%| F|  |TAMS 0x0000000084700000, 0x0000000084700000| Untracked 
|   4|0x0000000084800000, 0x0000000084800000, 0x0000000084900000|  0%| F|  |TAMS 0x0000000084800000, 0x0000000084800000| Untracked 
|   5|0x0000000084900000, 0x0000000084900000, 0x0000000084a00000|  0%| F|  |TAMS 0x0000000084900000, 0x0000000084900000| Untracked 
|   6|0x0000000084a00000, 0x0000000084a00000, 0x0000000084b00000|  0%| F|  |TAMS 0x0000000084a00000, 0x0000000084a00000| Untracked 
|   7|0x0000000084b00000, 0x0000000084b0f630, 0x0000000084c00000|  6%| E|  |TAMS 0x0000000084b00000, 0x0000000084b00000| Complete 

Card table byte_map: [0x000001db77a70000,0x000001db77e50000] _byte_map_base: 0x000001db7764e000

Marking Bits (Prev, Next): (CMBitMap*) 0x000001db6fa944f0, (CMBitMap*) 0x000001db6fa94530
 Prev Bits: [0x000001db78230000, 0x000001db7a120000)
 Next Bits: [0x000001db7a120000, 0x000001db7c010000)

GC Heap History (0 events):
No events

Deoptimization events (0 events):
No events

Classes loaded (20 events):
Event: 0.015 Loading class java/lang/Record done
Event: 0.015 Loading class java/lang/NoClassDefFoundError
Event: 0.015 Loading class java/lang/LinkageError
Event: 0.015 Loading class java/lang/LinkageError done
Event: 0.015 Loading class java/lang/NoClassDefFoundError done
Event: 0.015 Loading class java/lang/ClassCastException
Event: 0.015 Loading class java/lang/ClassCastException done
Event: 0.015 Loading class java/lang/ArrayStoreException
Event: 0.015 Loading class java/lang/ArrayStoreException done
Event: 0.015 Loading class java/lang/VirtualMachineError
Event: 0.015 Loading class java/lang/VirtualMachineError done
Event: 0.015 Loading class java/lang/InternalError
Event: 0.015 Loading class java/lang/InternalError done
Event: 0.015 Loading class java/lang/OutOfMemoryError
Event: 0.015 Loading class java/lang/OutOfMemoryError done
Event: 0.015 Loading class java/lang/StackOverflowError
Event: 0.015 Loading class java/lang/StackOverflowError done
Event: 0.015 Loading class java/lang/IllegalMonitorStateException
Event: 0.015 Loading class java/lang/IllegalMonitorStateException done
Event: 0.015 Loading class java/lang/ref/Reference

Classes unloaded (0 events):
No events

Classes redefined (0 events):
No events

Internal exceptions (0 events):
No events

VM Operations (0 events):
No events

Events (1 events):
Event: 0.007 Loaded shared library C:\Program Files\Java\jdk-18\bin\java.dll


Dynamic libraries:
0x00007ff6839d0000 - 0x00007ff6839d8000 	C:\Program Files\Java\jdk-18\bin\javac.exe
0x00007ffd48d20000 - 0x00007ffd48f29000 	C:\Windows\SYSTEM32\ntdll.dll
0x00007ffd47e20000 - 0x00007ffd47ede000 	C:\Windows\System32\KERNEL32.DLL
0x00007ffd46680000 - 0x00007ffd469fc000 	C:\Windows\System32\KERNELBASE.dll
0x00007ffd46a80000 - 0x00007ffd46b91000 	C:\Windows\System32\ucrtbase.dll
0x00007ffd245c0000 - 0x00007ffd245da000 	C:\Program Files\Java\jdk-18\bin\VCRUNTIME140.dll
0x00007ffd3b110000 - 0x00007ffd3b128000 	C:\Program Files\Java\jdk-18\bin\jli.dll
0x00007ffd483c0000 - 0x00007ffd4846e000 	C:\Windows\System32\ADVAPI32.dll
0x00007ffd47ee0000 - 0x00007ffd47f83000 	C:\Windows\System32\msvcrt.dll
0x00007ffd48c20000 - 0x00007ffd48cbe000 	C:\Windows\System32\sechost.dll
0x00007ffd47d00000 - 0x00007ffd47e20000 	C:\Windows\System32\RPCRT4.dll
0x00007ffd47890000 - 0x00007ffd47a3d000 	C:\Windows\System32\USER32.dll
0x00007ffd463d0000 - 0x00007ffd463f6000 	C:\Windows\System32\win32u.dll
0x00007ffd3bcb0000 - 0x00007ffd3bf55000 	C:\Windows\WinSxS\amd64_microsoft.windows.common-controls_6595b64144ccf1df_6.0.22000.120_none_9d947278b86cc467\COMCTL32.dll
0x00007ffd48270000 - 0x00007ffd48299000 	C:\Windows\System32\GDI32.dll
0x00007ffd462b0000 - 0x00007ffd463c8000 	C:\Windows\System32\gdi32full.dll
0x00007ffd465e0000 - 0x00007ffd4667d000 	C:\Windows\System32\msvcp_win.dll
0x00007ffd3bf60000 - 0x00007ffd3bf6a000 	C:\Windows\SYSTEM32\VERSION.dll
0x00007ffd47f90000 - 0x00007ffd47fc2000 	C:\Windows\System32\IMM32.DLL
0x00007ffd32cd0000 - 0x00007ffd32cdc000 	C:\Program Files\Java\jdk-18\bin\vcruntime140_1.dll
0x00007ffcfa730000 - 0x00007ffcfa7bd000 	C:\Program Files\Java\jdk-18\bin\msvcp140.dll
0x00007ffcbcf00000 - 0x00007ffcbdb11000 	C:\Program Files\Java\jdk-18\bin\server\jvm.dll
0x00007ffd47fd0000 - 0x00007ffd47fd8000 	C:\Windows\System32\PSAPI.DLL
0x00007ffd32c40000 - 0x00007ffd32c49000 	C:\Windows\SYSTEM32\WSOCK32.dll
0x00007ffd48200000 - 0x00007ffd4826f000 	C:\Windows\System32\WS2_32.dll
0x00007ffd3e3a0000 - 0x00007ffd3e3d3000 	C:\Windows\SYSTEM32\WINMM.dll
0x00007ffd452f0000 - 0x00007ffd45308000 	C:\Windows\SYSTEM32\kernel.appcore.dll
0x00007ffd243a0000 - 0x00007ffd243aa000 	C:\Program Files\Java\jdk-18\bin\jimage.dll
0x00007ffd43c60000 - 0x00007ffd43e81000 	C:\Windows\SYSTEM32\DBGHELP.DLL
0x00007ffd3c710000 - 0x00007ffd3c741000 	C:\Windows\SYSTEM32\dbgcore.DLL
0x00007ffd46a00000 - 0x00007ffd46a7f000 	C:\Windows\System32\bcryptPrimitives.dll
0x00007ffd14d70000 - 0x00007ffd14d95000 	C:\Program Files\Java\jdk-18\bin\java.dll

dbghelp: loaded successfully - version: 4.0.5 - missing functions: none
symbol engine: initialized successfully - sym options: 0x614 - pdb path: .;C:\Program Files\Java\jdk-18\bin;C:\Windows\SYSTEM32;C:\Windows\WinSxS\amd64_microsoft.windows.common-controls_6595b64144ccf1df_6.0.22000.120_none_9d947278b86cc467;C:\Program Files\Java\jdk-18\bin\server

VM Arguments:
jvm_args: -Dapplication.home=C:\Program Files\Java\jdk-18 --add-modules=ALL-DEFAULT -Xms8m -Djdk.module.main=jdk.compiler 
java_command: jdk.compiler/com.sun.tools.javac.Main -d C:\Users\rapha\OneDrive\Documents\NetBeansProjects\Library\build\classes -classpath C:\Users\rapha\OneDrive\Documents\NetBeansProjects\Library\build\classes -sourcepath C:\Users\rapha\OneDrive\Documents\NetBeansProjects\Library\src -target 1.8 -encoding UTF-8 -g -processorpath C:\Users\rapha\OneDrive\Documents\NetBeansProjects\Library\build\empty -s C:\Users\rapha\OneDrive\Documents\NetBeansProjects\Library\build\generated-sources\ap-source-output -source 1.8 C:\Users\rapha\OneDrive\Documents\NetBeansProjects\Library\src\view\Menu.java
java_class_path (initial): <not set>
Launcher Type: SUN_STANDARD

[Global flags]
     intx CICompilerCount                          = 4                                         {product} {ergonomic}
     uint ConcGCThreads                            = 2                                         {product} {ergonomic}
     uint G1ConcRefinementThreads                  = 8                                         {product} {ergonomic}
   size_t G1HeapRegionSize                         = 1048576                                   {product} {ergonomic}
    uintx GCDrainStackTargetSize                   = 64                                        {product} {ergonomic}
   size_t InitialHeapSize                          = 8388608                                   {product} {command line}
   size_t MarkStackSize                            = 4194304                                   {product} {ergonomic}
   size_t MaxHeapSize                              = 2076180480                                {product} {ergonomic}
   size_t MaxNewSize                               = 1245708288                                {product} {ergonomic}
   size_t MinHeapDeltaBytes                        = 1048576                                   {product} {ergonomic}
   size_t MinHeapSize                              = 8388608                                   {product} {command line}
    uintx NonNMethodCodeHeapSize                   = 5839372                                {pd product} {ergonomic}
    uintx NonProfiledCodeHeapSize                  = 122909434                              {pd product} {ergonomic}
    uintx ProfiledCodeHeapSize                     = 122909434                              {pd product} {ergonomic}
    uintx ReservedCodeCacheSize                    = 251658240                              {pd product} {ergonomic}
     bool SegmentedCodeCache                       = true                                      {product} {ergonomic}
   size_t SoftMaxHeapSize                          = 2076180480                             {manageable} {ergonomic}
     bool UseCompressedClassPointers               = true                           {product lp64_product} {ergonomic}
     bool UseCompressedOops                        = true                           {product lp64_product} {ergonomic}
     bool UseG1GC                                  = true                                      {product} {ergonomic}
     bool UseLargePagesIndividualAllocation        = false                                  {pd product} {ergonomic}

Logging:
Log output configuration:
 #0: stdout all=warning uptime,level,tags foldmultilines=false
 #1: stderr all=off uptime,level,tags foldmultilines=false

Environment Variables:
PATH=C:\Program Files\Common Files\Oracle\Java\javapath;C:\Program Files (x86)\Common Files\Oracle\Java\javapath;C:\Windows\system32;C:\Windows;C:\Windows\System32\Wbem;C:\Windows\System32\WindowsPowerShell\v1.0\;C:\Windows\System32\OpenSSH\;C:\Program Files (x86)\Microsoft SQL Server\150\DTS\Binn\;C:\Program Files\Azure Data Studio\bin;C:\Program Files\Microsoft SQL Server\Client SDK\ODBC\130\Tools\Binn\;C:\Program Files (x86)\Microsoft SQL Server\140\Tools\Binn\;C:\Program Files\Microsoft SQL Server\140\Tools\Binn\;C:\Program Files\Microsoft SQL Server\140\DTS\Binn\;C:\Program Files\nodejs\;C:\Program Files\PuTTY\;C:\Program Files\Amazon\AWSCLIV2\;C:\Users\rapha\AppData\Local\Microsoft\WindowsApps;;C:\Program Files\Azure Data Studio\bin;C:\Users\rapha\AppData\Roaming\npm;C:\Users\rapha\AppData\Local\Programs\Microsoft VS Code\bin
USERNAME=rapha
OS=Windows_NT
PROCESSOR_IDENTIFIER=Intel64 Family 6 Model 140 Stepping 1, GenuineIntel



---------------  S Y S T E M  ---------------

OS:
 Windows 11 , 64 bit Build 22000 (10.0.22000.1516)
OS uptime: 19 days 10:17 hours
Hyper-V role detected

CPU: total 8 (initial active 8) (4 cores per cpu, 2 threads per core) family 6 model 140 stepping 1 microcode 0x8a, cx8, cmov, fxsr, ht, mmx, 3dnowpref, sse, sse2, sse3, ssse3, sse4.1, sse4.2, popcnt, lzcnt, tsc, tscinvbit, avx, avx2, aes, erms, clmul, bmi1, bmi2, adx, avx512f, avx512dq, avx512cd, avx512bw, avx512vl, sha, fma, vzeroupper, avx512_vpopcntdq, avx512_vpclmulqdq, avx512_vaes, avx512_vnni, clflush, clflushopt, clwb, avx512_vbmi2, avx512_vbmi, hv

Memory: 4k page, system-wide physical 7915M (1031M free)
TotalPageFile size 32491M (AvailPageFile size 4M)
current process WorkingSet (physical memory assigned to process): 13M, peak: 13M
current process commit charge ("private bytes"): 70M, peak: 73M

vm_info: Java HotSpot(TM) 64-Bit Server VM (18+36-2087) for windows-amd64 JRE (18+36-2087), built on Feb 15 2022 09:43:11 by "mach5one" with MS VC++ 16.8 / 16.9 (VS2019)

END.
