#
# There is insufficient memory for the Java Runtime Environment to continue.
# Native memory allocation (mmap) failed to map 65536 bytes for Failed to commit metaspace.
# Possible reasons:
#   The system is out of physical RAM or swap space
#   The process is running with CompressedOops enabled, and the Java Heap may be blocking the growth of the native heap
# Possible solutions:
#   Reduce memory load on the system
#   Increase physical memory or swap space
#   Check if swap backing store is full
#   Decrease Java heap size (-Xmx/-Xms)
#   Decrease number of Java threads
#   Decrease Java thread stack sizes (-Xss)
#   Set larger code cache with -XX:ReservedCodeCacheSize=
#   JVM is running with Unscaled Compressed Oops mode in which the Java heap is
#     placed in the first 4GB address space. The Java Heap base address is the
#     maximum limit for the native heap growth. Please use -XX:HeapBaseMinAddress
#     to set the Java Heap base and to place the Java Heap above 4GB virtual address.
# This output file may be truncated or incomplete.
#
#  Out of Memory Error (virtualSpaceNode.cpp:110), pid=35268, tid=33572
#
# JRE version: Java(TM) SE Runtime Environment (18.0+36) (build 18+36-2087)
# Java VM: Java HotSpot(TM) 64-Bit Server VM (18+36-2087, mixed mode, sharing, tiered, compressed oops, compressed class ptrs, g1 gc, windows-amd64)
# No core dump will be written. Minidumps are not enabled by default on client versions of Windows
#

---------------  S U M M A R Y ------------

Command Line: -Dfile.encoding=UTF-8 view.Menu

Host: 11th Gen Intel(R) Core(TM) i5-1135G7 @ 2.40GHz, 8 cores, 7G,  Windows 11 , 64 bit Build 22000 (10.0.22000.1516)
Time: Fri Apr  7 11:50:42 2023 GMT Summer Time elapsed time: 0.090598 seconds (0d 0h 0m 0s)

---------------  T H R E A D  ---------------

Current thread (0x0000017287fd4790):  JavaThread "main" [_thread_in_vm, id=33572, stack(0x0000003bd3800000,0x0000003bd3900000)]

Stack: [0x0000003bd3800000,0x0000003bd3900000]
Native frames: (J=compiled Java code, j=interpreted, Vv=VM code, C=native code)
V  [jvm.dll+0x69804a]
V  [jvm.dll+0x7f308d]
V  [jvm.dll+0x7f499e]
V  [jvm.dll+0x7f5053]
V  [jvm.dll+0x25ca3f]
V  [jvm.dll+0x7eed9b]
V  [jvm.dll+0x63e276]
V  [jvm.dll+0x63e2da]
V  [jvm.dll+0x640b5e]
V  [jvm.dll+0x640a1e]
V  [jvm.dll+0x63ec3e]
V  [jvm.dll+0x650149]
V  [jvm.dll+0x649534]
V  [jvm.dll+0x3a15a1]
C  0x000001728f90c727

Java frames: (J=compiled Java code, j=interpreted, Vv=VM code)
j  java.text.DecimalFormat.setMinimumFractionDigits(I)V+0 java.base@18
j  java.text.DecimalFormat.applyPattern(Ljava/lang/String;Z)V+1434 java.base@18
j  java.text.DecimalFormat.<init>(Ljava/lang/String;Ljava/text/DecimalFormatSymbols;)V+137 java.base@18
j  sun.util.locale.provider.NumberFormatProviderImpl.getInstance(Ljava/util/Locale;I)Ljava/text/NumberFormat;+118 java.base@18
j  sun.util.locale.provider.NumberFormatProviderImpl.getNumberInstance(Ljava/util/Locale;)Ljava/text/NumberFormat;+3 java.base@18
j  java.text.NumberFormat.getInstance(Lsun/util/locale/provider/LocaleProviderAdapter;Ljava/util/Locale;Ljava/text/NumberFormat$Style;I)Ljava/text/NumberFormat;+47 java.base@18
j  java.text.NumberFormat.getInstance(Ljava/util/Locale;Ljava/text/NumberFormat$Style;I)Ljava/text/NumberFormat;+11 java.base@18
j  java.text.NumberFormat.getNumberInstance(Ljava/util/Locale;)Ljava/text/NumberFormat;+3 java.base@18
j  java.util.Scanner.useLocale(Ljava/util/Locale;)Ljava/util/Scanner;+31 java.base@18
j  java.util.Scanner.<init>(Ljava/lang/Readable;Ljava/util/regex/Pattern;)V+243 java.base@18
j  java.util.Scanner.<init>(Ljava/io/InputStream;)V+12 java.base@18
j  view.Menu.main([Ljava/lang/String;)V+9
v  ~StubRoutines::call_stub

---------------  P R O C E S S  ---------------

Threads class SMR info:
_java_thread_list=0x00000172aa4dec20, length=12, elements={
0x0000017287fd4790, 0x00000172a5f90c20, 0x00000172a5f915c0, 0x00000172a5fae8c0,
0x00000172a5faf260, 0x00000172a5fafc00, 0x00000172a5fb0d40, 0x00000172a5fb70e0,
0x00000172a5fdfe40, 0x00000172a5fe0ed0, 0x00000172aa4dd4c0, 0x00000172aa4e6df0
}

Java Threads: ( => current thread )
=>0x0000017287fd4790 JavaThread "main" [_thread_in_vm, id=33572, stack(0x0000003bd3800000,0x0000003bd3900000)]
  0x00000172a5f90c20 JavaThread "Reference Handler" daemon [_thread_blocked, id=35600, stack(0x0000003bd3f00000,0x0000003bd4000000)]
  0x00000172a5f915c0 JavaThread "Finalizer" daemon [_thread_blocked, id=33076, stack(0x0000003bd4000000,0x0000003bd4100000)]
  0x00000172a5fae8c0 JavaThread "Signal Dispatcher" daemon [_thread_blocked, id=36844, stack(0x0000003bd4100000,0x0000003bd4200000)]
  0x00000172a5faf260 JavaThread "Attach Listener" daemon [_thread_blocked, id=32376, stack(0x0000003bd4200000,0x0000003bd4300000)]
  0x00000172a5fafc00 JavaThread "Service Thread" daemon [_thread_blocked, id=23816, stack(0x0000003bd4300000,0x0000003bd4400000)]
  0x00000172a5fb0d40 JavaThread "Monitor Deflation Thread" daemon [_thread_blocked, id=33348, stack(0x0000003bd4400000,0x0000003bd4500000)]
  0x00000172a5fb70e0 JavaThread "C2 CompilerThread0" daemon [_thread_blocked, id=37016, stack(0x0000003bd4500000,0x0000003bd4600000)]
  0x00000172a5fdfe40 JavaThread "C1 CompilerThread0" daemon [_thread_blocked, id=35636, stack(0x0000003bd4600000,0x0000003bd4700000)]
  0x00000172a5fe0ed0 JavaThread "Sweeper thread" daemon [_thread_blocked, id=23212, stack(0x0000003bd4700000,0x0000003bd4800000)]
  0x00000172aa4dd4c0 JavaThread "Notification Thread" daemon [_thread_blocked, id=28572, stack(0x0000003bd4800000,0x0000003bd4900000)]
  0x00000172aa4e6df0 JavaThread "Common-Cleaner" daemon [_thread_blocked, id=33172, stack(0x0000003bd4a00000,0x0000003bd4b00000)]

Other Threads:
  0x000001728804aa10 VMThread "VM Thread" [stack: 0x0000003bd3e00000,0x0000003bd3f00000] [id=21068]
  0x00000172aa4e65c0 WatcherThread "VM Periodic Task Thread" [stack: 0x0000003bd4900000,0x0000003bd4a00000] [id=31848]
  0x0000017288032570 WorkerThread "GC Thread#0" [stack: 0x0000003bd3900000,0x0000003bd3a00000] [id=24248]
  0x0000017288042b20 ConcurrentGCThread "G1 Main Marker" [stack: 0x0000003bd3a00000,0x0000003bd3b00000] [id=25436]
  0x0000017288043570 WorkerThread "G1 Conc#0" [stack: 0x0000003bd3b00000,0x0000003bd3c00000] [id=26636]
  0x00000172a5e49140 ConcurrentGCThread "G1 Refine#0" [stack: 0x0000003bd3c00000,0x0000003bd3d00000] [id=33128]
  0x00000172a5e4a810 ConcurrentGCThread "G1 Service" [stack: 0x0000003bd3d00000,0x0000003bd3e00000] [id=39156]

Threads with active compile tasks:

VM state: not at safepoint (normal execution)

VM Mutex/Monitor currently owned by a thread:  ([mutex/lock_event])
[0x0000017287fccd80] Metaspace_lock - owner thread: 0x0000017287fd4790

Heap address: 0x0000000084400000, size: 1980 MB, Compressed Oops mode: 32-bit

CDS archive(s) mapped at: [0x0000000800000000-0x0000000800ba0000-0x0000000800ba0000), size 12189696, SharedBaseAddress: 0x0000000800000000, ArchiveRelocationMode: 0.
Compressed class space mapped at: 0x0000000800c00000-0x0000000840c00000, reserved size: 1073741824
Narrow klass base: 0x0000000800000000, Narrow klass shift: 0, Narrow klass range: 0x100000000

GC Precious Log:
 CardTable entry size: 512
 Card Set container configuration: InlinePtr #cards 5 size 8 Array Of Cards #cards 12 size 40 Howl #buckets 4 coarsen threshold 1843 Howl Bitmap #cards 512 size 80 coarsen threshold 460 Card regions per heap region 1 cards per card region 2048
 CPUs: 8 total, 8 available
 Memory: 7915M
 Large Page Support: Disabled
 NUMA Support: Disabled
 Compressed Oops: Enabled (32-bit)
 Heap Region Size: 1M
 Heap Min Capacity: 8M
 Heap Initial Capacity: 124M
 Heap Max Capacity: 1980M
 Pre-touch: Disabled
 Parallel Workers: 8
 Concurrent Workers: 2
 Concurrent Refinement Workers: 8
 Periodic GC: Disabled

Heap:
 garbage-first heap   total 126976K, used 1024K [0x0000000084400000, 0x0000000100000000)
  region size 1024K, 2 young (2048K), 0 survivors (0K)
 Metaspace       used 427K, committed 576K, reserved 1114112K
  class space    used 28K, committed 128K, reserved 1048576K

Heap Regions: E=young(eden), S=young(survivor), O=old, HS=humongous(starts), HC=humongous(continues), CS=collection set, F=free, OA=open archive, CA=closed archive, TAMS=top-at-mark-start (previous, next)
|   0|0x0000000084400000, 0x0000000084400000, 0x0000000084500000|  0%| F|  |TAMS 0x0000000084400000, 0x0000000084400000| Untracked 
|   1|0x0000000084500000, 0x0000000084500000, 0x0000000084600000|  0%| F|  |TAMS 0x0000000084500000, 0x0000000084500000| Untracked 
|   2|0x0000000084600000, 0x0000000084600000, 0x0000000084700000|  0%| F|  |TAMS 0x0000000084600000, 0x0000000084600000| Untracked 
|   3|0x0000000084700000, 0x0000000084700000, 0x0000000084800000|  0%| F|  |TAMS 0x0000000084700000, 0x0000000084700000| Untracked 
|   4|0x0000000084800000, 0x0000000084800000, 0x0000000084900000|  0%| F|  |TAMS 0x0000000084800000, 0x0000000084800000| Untracked 
|   5|0x0000000084900000, 0x0000000084900000, 0x0000000084a00000|  0%| F|  |TAMS 0x0000000084900000, 0x0000000084900000| Untracked 
|   6|0x0000000084a00000, 0x0000000084a00000, 0x0000000084b00000|  0%| F|  |TAMS 0x0000000084a00000, 0x0000000084a00000| Untracked 
|   7|0x0000000084b00000, 0x0000000084b00000, 0x0000000084c00000|  0%| F|  |TAMS 0x0000000084b00000, 0x0000000084b00000| Untracked 
|   8|0x0000000084c00000, 0x0000000084c00000, 0x0000000084d00000|  0%| F|  |TAMS 0x0000000084c00000, 0x0000000084c00000| Untracked 
|   9|0x0000000084d00000, 0x0000000084d00000, 0x0000000084e00000|  0%| F|  |TAMS 0x0000000084d00000, 0x0000000084d00000| Untracked 
|  10|0x0000000084e00000, 0x0000000084e00000, 0x0000000084f00000|  0%| F|  |TAMS 0x0000000084e00000, 0x0000000084e00000| Untracked 
|  11|0x0000000084f00000, 0x0000000084f00000, 0x0000000085000000|  0%| F|  |TAMS 0x0000000084f00000, 0x0000000084f00000| Untracked 
|  12|0x0000000085000000, 0x0000000085000000, 0x0000000085100000|  0%| F|  |TAMS 0x0000000085000000, 0x0000000085000000| Untracked 
|  13|0x0000000085100000, 0x0000000085100000, 0x0000000085200000|  0%| F|  |TAMS 0x0000000085100000, 0x0000000085100000| Untracked 
|  14|0x0000000085200000, 0x0000000085200000, 0x0000000085300000|  0%| F|  |TAMS 0x0000000085200000, 0x0000000085200000| Untracked 
|  15|0x0000000085300000, 0x0000000085300000, 0x0000000085400000|  0%| F|  |TAMS 0x0000000085300000, 0x0000000085300000| Untracked 
|  16|0x0000000085400000, 0x0000000085400000, 0x0000000085500000|  0%| F|  |TAMS 0x0000000085400000, 0x0000000085400000| Untracked 
|  17|0x0000000085500000, 0x0000000085500000, 0x0000000085600000|  0%| F|  |TAMS 0x0000000085500000, 0x0000000085500000| Untracked 
|  18|0x0000000085600000, 0x0000000085600000, 0x0000000085700000|  0%| F|  |TAMS 0x0000000085600000, 0x0000000085600000| Untracked 
|  19|0x0000000085700000, 0x0000000085700000, 0x0000000085800000|  0%| F|  |TAMS 0x0000000085700000, 0x0000000085700000| Untracked 
|  20|0x0000000085800000, 0x0000000085800000, 0x0000000085900000|  0%| F|  |TAMS 0x0000000085800000, 0x0000000085800000| Untracked 
|  21|0x0000000085900000, 0x0000000085900000, 0x0000000085a00000|  0%| F|  |TAMS 0x0000000085900000, 0x0000000085900000| Untracked 
|  22|0x0000000085a00000, 0x0000000085a00000, 0x0000000085b00000|  0%| F|  |TAMS 0x0000000085a00000, 0x0000000085a00000| Untracked 
|  23|0x0000000085b00000, 0x0000000085b00000, 0x0000000085c00000|  0%| F|  |TAMS 0x0000000085b00000, 0x0000000085b00000| Untracked 
|  24|0x0000000085c00000, 0x0000000085c00000, 0x0000000085d00000|  0%| F|  |TAMS 0x0000000085c00000, 0x0000000085c00000| Untracked 
|  25|0x0000000085d00000, 0x0000000085d00000, 0x0000000085e00000|  0%| F|  |TAMS 0x0000000085d00000, 0x0000000085d00000| Untracked 
|  26|0x0000000085e00000, 0x0000000085e00000, 0x0000000085f00000|  0%| F|  |TAMS 0x0000000085e00000, 0x0000000085e00000| Untracked 
|  27|0x0000000085f00000, 0x0000000085f00000, 0x0000000086000000|  0%| F|  |TAMS 0x0000000085f00000, 0x0000000085f00000| Untracked 
|  28|0x0000000086000000, 0x0000000086000000, 0x0000000086100000|  0%| F|  |TAMS 0x0000000086000000, 0x0000000086000000| Untracked 
|  29|0x0000000086100000, 0x0000000086100000, 0x0000000086200000|  0%| F|  |TAMS 0x0000000086100000, 0x0000000086100000| Untracked 
|  30|0x0000000086200000, 0x0000000086200000, 0x0000000086300000|  0%| F|  |TAMS 0x0000000086200000, 0x0000000086200000| Untracked 
|  31|0x0000000086300000, 0x0000000086300000, 0x0000000086400000|  0%| F|  |TAMS 0x0000000086300000, 0x0000000086300000| Untracked 
|  32|0x0000000086400000, 0x0000000086400000, 0x0000000086500000|  0%| F|  |TAMS 0x0000000086400000, 0x0000000086400000| Untracked 
|  33|0x0000000086500000, 0x0000000086500000, 0x0000000086600000|  0%| F|  |TAMS 0x0000000086500000, 0x0000000086500000| Untracked 
|  34|0x0000000086600000, 0x0000000086600000, 0x0000000086700000|  0%| F|  |TAMS 0x0000000086600000, 0x0000000086600000| Untracked 
|  35|0x0000000086700000, 0x0000000086700000, 0x0000000086800000|  0%| F|  |TAMS 0x0000000086700000, 0x0000000086700000| Untracked 
|  36|0x0000000086800000, 0x0000000086800000, 0x0000000086900000|  0%| F|  |TAMS 0x0000000086800000, 0x0000000086800000| Untracked 
|  37|0x0000000086900000, 0x0000000086900000, 0x0000000086a00000|  0%| F|  |TAMS 0x0000000086900000, 0x0000000086900000| Untracked 
|  38|0x0000000086a00000, 0x0000000086a00000, 0x0000000086b00000|  0%| F|  |TAMS 0x0000000086a00000, 0x0000000086a00000| Untracked 
|  39|0x0000000086b00000, 0x0000000086b00000, 0x0000000086c00000|  0%| F|  |TAMS 0x0000000086b00000, 0x0000000086b00000| Untracked 
|  40|0x0000000086c00000, 0x0000000086c00000, 0x0000000086d00000|  0%| F|  |TAMS 0x0000000086c00000, 0x0000000086c00000| Untracked 
|  41|0x0000000086d00000, 0x0000000086d00000, 0x0000000086e00000|  0%| F|  |TAMS 0x0000000086d00000, 0x0000000086d00000| Untracked 
|  42|0x0000000086e00000, 0x0000000086e00000, 0x0000000086f00000|  0%| F|  |TAMS 0x0000000086e00000, 0x0000000086e00000| Untracked 
|  43|0x0000000086f00000, 0x0000000086f00000, 0x0000000087000000|  0%| F|  |TAMS 0x0000000086f00000, 0x0000000086f00000| Untracked 
|  44|0x0000000087000000, 0x0000000087000000, 0x0000000087100000|  0%| F|  |TAMS 0x0000000087000000, 0x0000000087000000| Untracked 
|  45|0x0000000087100000, 0x0000000087100000, 0x0000000087200000|  0%| F|  |TAMS 0x0000000087100000, 0x0000000087100000| Untracked 
|  46|0x0000000087200000, 0x0000000087200000, 0x0000000087300000|  0%| F|  |TAMS 0x0000000087200000, 0x0000000087200000| Untracked 
|  47|0x0000000087300000, 0x0000000087300000, 0x0000000087400000|  0%| F|  |TAMS 0x0000000087300000, 0x0000000087300000| Untracked 
|  48|0x0000000087400000, 0x0000000087400000, 0x0000000087500000|  0%| F|  |TAMS 0x0000000087400000, 0x0000000087400000| Untracked 
|  49|0x0000000087500000, 0x0000000087500000, 0x0000000087600000|  0%| F|  |TAMS 0x0000000087500000, 0x0000000087500000| Untracked 
|  50|0x0000000087600000, 0x0000000087600000, 0x0000000087700000|  0%| F|  |TAMS 0x0000000087600000, 0x0000000087600000| Untracked 
|  51|0x0000000087700000, 0x0000000087700000, 0x0000000087800000|  0%| F|  |TAMS 0x0000000087700000, 0x0000000087700000| Untracked 
|  52|0x0000000087800000, 0x0000000087800000, 0x0000000087900000|  0%| F|  |TAMS 0x0000000087800000, 0x0000000087800000| Untracked 
|  53|0x0000000087900000, 0x0000000087900000, 0x0000000087a00000|  0%| F|  |TAMS 0x0000000087900000, 0x0000000087900000| Untracked 
|  54|0x0000000087a00000, 0x0000000087a00000, 0x0000000087b00000|  0%| F|  |TAMS 0x0000000087a00000, 0x0000000087a00000| Untracked 
|  55|0x0000000087b00000, 0x0000000087b00000, 0x0000000087c00000|  0%| F|  |TAMS 0x0000000087b00000, 0x0000000087b00000| Untracked 
|  56|0x0000000087c00000, 0x0000000087c00000, 0x0000000087d00000|  0%| F|  |TAMS 0x0000000087c00000, 0x0000000087c00000| Untracked 
|  57|0x0000000087d00000, 0x0000000087d00000, 0x0000000087e00000|  0%| F|  |TAMS 0x0000000087d00000, 0x0000000087d00000| Untracked 
|  58|0x0000000087e00000, 0x0000000087e00000, 0x0000000087f00000|  0%| F|  |TAMS 0x0000000087e00000, 0x0000000087e00000| Untracked 
|  59|0x0000000087f00000, 0x0000000087f00000, 0x0000000088000000|  0%| F|  |TAMS 0x0000000087f00000, 0x0000000087f00000| Untracked 
|  60|0x0000000088000000, 0x0000000088000000, 0x0000000088100000|  0%| F|  |TAMS 0x0000000088000000, 0x0000000088000000| Untracked 
|  61|0x0000000088100000, 0x0000000088100000, 0x0000000088200000|  0%| F|  |TAMS 0x0000000088100000, 0x0000000088100000| Untracked 
|  62|0x0000000088200000, 0x0000000088200000, 0x0000000088300000|  0%| F|  |TAMS 0x0000000088200000, 0x0000000088200000| Untracked 
|  63|0x0000000088300000, 0x0000000088300000, 0x0000000088400000|  0%| F|  |TAMS 0x0000000088300000, 0x0000000088300000| Untracked 
|  64|0x0000000088400000, 0x0000000088400000, 0x0000000088500000|  0%| F|  |TAMS 0x0000000088400000, 0x0000000088400000| Untracked 
|  65|0x0000000088500000, 0x0000000088500000, 0x0000000088600000|  0%| F|  |TAMS 0x0000000088500000, 0x0000000088500000| Untracked 
|  66|0x0000000088600000, 0x0000000088600000, 0x0000000088700000|  0%| F|  |TAMS 0x0000000088600000, 0x0000000088600000| Untracked 
|  67|0x0000000088700000, 0x0000000088700000, 0x0000000088800000|  0%| F|  |TAMS 0x0000000088700000, 0x0000000088700000| Untracked 
|  68|0x0000000088800000, 0x0000000088800000, 0x0000000088900000|  0%| F|  |TAMS 0x0000000088800000, 0x0000000088800000| Untracked 
|  69|0x0000000088900000, 0x0000000088900000, 0x0000000088a00000|  0%| F|  |TAMS 0x0000000088900000, 0x0000000088900000| Untracked 
|  70|0x0000000088a00000, 0x0000000088a00000, 0x0000000088b00000|  0%| F|  |TAMS 0x0000000088a00000, 0x0000000088a00000| Untracked 
|  71|0x0000000088b00000, 0x0000000088b00000, 0x0000000088c00000|  0%| F|  |TAMS 0x0000000088b00000, 0x0000000088b00000| Untracked 
|  72|0x0000000088c00000, 0x0000000088c00000, 0x0000000088d00000|  0%| F|  |TAMS 0x0000000088c00000, 0x0000000088c00000| Untracked 
|  73|0x0000000088d00000, 0x0000000088d00000, 0x0000000088e00000|  0%| F|  |TAMS 0x0000000088d00000, 0x0000000088d00000| Untracked 
|  74|0x0000000088e00000, 0x0000000088e00000, 0x0000000088f00000|  0%| F|  |TAMS 0x0000000088e00000, 0x0000000088e00000| Untracked 
|  75|0x0000000088f00000, 0x0000000088f00000, 0x0000000089000000|  0%| F|  |TAMS 0x0000000088f00000, 0x0000000088f00000| Untracked 
|  76|0x0000000089000000, 0x0000000089000000, 0x0000000089100000|  0%| F|  |TAMS 0x0000000089000000, 0x0000000089000000| Untracked 
|  77|0x0000000089100000, 0x0000000089100000, 0x0000000089200000|  0%| F|  |TAMS 0x0000000089100000, 0x0000000089100000| Untracked 
|  78|0x0000000089200000, 0x0000000089200000, 0x0000000089300000|  0%| F|  |TAMS 0x0000000089200000, 0x0000000089200000| Untracked 
|  79|0x0000000089300000, 0x0000000089300000, 0x0000000089400000|  0%| F|  |TAMS 0x0000000089300000, 0x0000000089300000| Untracked 
|  80|0x0000000089400000, 0x0000000089400000, 0x0000000089500000|  0%| F|  |TAMS 0x0000000089400000, 0x0000000089400000| Untracked 
|  81|0x0000000089500000, 0x0000000089500000, 0x0000000089600000|  0%| F|  |TAMS 0x0000000089500000, 0x0000000089500000| Untracked 
|  82|0x0000000089600000, 0x0000000089600000, 0x0000000089700000|  0%| F|  |TAMS 0x0000000089600000, 0x0000000089600000| Untracked 
|  83|0x0000000089700000, 0x0000000089700000, 0x0000000089800000|  0%| F|  |TAMS 0x0000000089700000, 0x0000000089700000| Untracked 
|  84|0x0000000089800000, 0x0000000089800000, 0x0000000089900000|  0%| F|  |TAMS 0x0000000089800000, 0x0000000089800000| Untracked 
|  85|0x0000000089900000, 0x0000000089900000, 0x0000000089a00000|  0%| F|  |TAMS 0x0000000089900000, 0x0000000089900000| Untracked 
|  86|0x0000000089a00000, 0x0000000089a00000, 0x0000000089b00000|  0%| F|  |TAMS 0x0000000089a00000, 0x0000000089a00000| Untracked 
|  87|0x0000000089b00000, 0x0000000089b00000, 0x0000000089c00000|  0%| F|  |TAMS 0x0000000089b00000, 0x0000000089b00000| Untracked 
|  88|0x0000000089c00000, 0x0000000089c00000, 0x0000000089d00000|  0%| F|  |TAMS 0x0000000089c00000, 0x0000000089c00000| Untracked 
|  89|0x0000000089d00000, 0x0000000089d00000, 0x0000000089e00000|  0%| F|  |TAMS 0x0000000089d00000, 0x0000000089d00000| Untracked 
|  90|0x0000000089e00000, 0x0000000089e00000, 0x0000000089f00000|  0%| F|  |TAMS 0x0000000089e00000, 0x0000000089e00000| Untracked 
|  91|0x0000000089f00000, 0x0000000089f00000, 0x000000008a000000|  0%| F|  |TAMS 0x0000000089f00000, 0x0000000089f00000| Untracked 
|  92|0x000000008a000000, 0x000000008a000000, 0x000000008a100000|  0%| F|  |TAMS 0x000000008a000000, 0x000000008a000000| Untracked 
|  93|0x000000008a100000, 0x000000008a100000, 0x000000008a200000|  0%| F|  |TAMS 0x000000008a100000, 0x000000008a100000| Untracked 
|  94|0x000000008a200000, 0x000000008a200000, 0x000000008a300000|  0%| F|  |TAMS 0x000000008a200000, 0x000000008a200000| Untracked 
|  95|0x000000008a300000, 0x000000008a300000, 0x000000008a400000|  0%| F|  |TAMS 0x000000008a300000, 0x000000008a300000| Untracked 
|  96|0x000000008a400000, 0x000000008a400000, 0x000000008a500000|  0%| F|  |TAMS 0x000000008a400000, 0x000000008a400000| Untracked 
|  97|0x000000008a500000, 0x000000008a500000, 0x000000008a600000|  0%| F|  |TAMS 0x000000008a500000, 0x000000008a500000| Untracked 
|  98|0x000000008a600000, 0x000000008a600000, 0x000000008a700000|  0%| F|  |TAMS 0x000000008a600000, 0x000000008a600000| Untracked 
|  99|0x000000008a700000, 0x000000008a700000, 0x000000008a800000|  0%| F|  |TAMS 0x000000008a700000, 0x000000008a700000| Untracked 
| 100|0x000000008a800000, 0x000000008a800000, 0x000000008a900000|  0%| F|  |TAMS 0x000000008a800000, 0x000000008a800000| Untracked 
| 101|0x000000008a900000, 0x000000008a900000, 0x000000008aa00000|  0%| F|  |TAMS 0x000000008a900000, 0x000000008a900000| Untracked 
| 102|0x000000008aa00000, 0x000000008aa00000, 0x000000008ab00000|  0%| F|  |TAMS 0x000000008aa00000, 0x000000008aa00000| Untracked 
| 103|0x000000008ab00000, 0x000000008ab00000, 0x000000008ac00000|  0%| F|  |TAMS 0x000000008ab00000, 0x000000008ab00000| Untracked 
| 104|0x000000008ac00000, 0x000000008ac00000, 0x000000008ad00000|  0%| F|  |TAMS 0x000000008ac00000, 0x000000008ac00000| Untracked 
| 105|0x000000008ad00000, 0x000000008ad00000, 0x000000008ae00000|  0%| F|  |TAMS 0x000000008ad00000, 0x000000008ad00000| Untracked 
| 106|0x000000008ae00000, 0x000000008ae00000, 0x000000008af00000|  0%| F|  |TAMS 0x000000008ae00000, 0x000000008ae00000| Untracked 
| 107|0x000000008af00000, 0x000000008af00000, 0x000000008b000000|  0%| F|  |TAMS 0x000000008af00000, 0x000000008af00000| Untracked 
| 108|0x000000008b000000, 0x000000008b000000, 0x000000008b100000|  0%| F|  |TAMS 0x000000008b000000, 0x000000008b000000| Untracked 
| 109|0x000000008b100000, 0x000000008b100000, 0x000000008b200000|  0%| F|  |TAMS 0x000000008b100000, 0x000000008b100000| Untracked 
| 110|0x000000008b200000, 0x000000008b200000, 0x000000008b300000|  0%| F|  |TAMS 0x000000008b200000, 0x000000008b200000| Untracked 
| 111|0x000000008b300000, 0x000000008b300000, 0x000000008b400000|  0%| F|  |TAMS 0x000000008b300000, 0x000000008b300000| Untracked 
| 112|0x000000008b400000, 0x000000008b400000, 0x000000008b500000|  0%| F|  |TAMS 0x000000008b400000, 0x000000008b400000| Untracked 
| 113|0x000000008b500000, 0x000000008b500000, 0x000000008b600000|  0%| F|  |TAMS 0x000000008b500000, 0x000000008b500000| Untracked 
| 114|0x000000008b600000, 0x000000008b600000, 0x000000008b700000|  0%| F|  |TAMS 0x000000008b600000, 0x000000008b600000| Untracked 
| 115|0x000000008b700000, 0x000000008b700000, 0x000000008b800000|  0%| F|  |TAMS 0x000000008b700000, 0x000000008b700000| Untracked 
| 116|0x000000008b800000, 0x000000008b800000, 0x000000008b900000|  0%| F|  |TAMS 0x000000008b800000, 0x000000008b800000| Untracked 
| 117|0x000000008b900000, 0x000000008b900000, 0x000000008ba00000|  0%| F|  |TAMS 0x000000008b900000, 0x000000008b900000| Untracked 
| 118|0x000000008ba00000, 0x000000008ba00000, 0x000000008bb00000|  0%| F|  |TAMS 0x000000008ba00000, 0x000000008ba00000| Untracked 
| 119|0x000000008bb00000, 0x000000008bb00000, 0x000000008bc00000|  0%| F|  |TAMS 0x000000008bb00000, 0x000000008bb00000| Untracked 
| 120|0x000000008bc00000, 0x000000008bc00000, 0x000000008bd00000|  0%| F|  |TAMS 0x000000008bc00000, 0x000000008bc00000| Untracked 
| 121|0x000000008bd00000, 0x000000008bd00000, 0x000000008be00000|  0%| F|  |TAMS 0x000000008bd00000, 0x000000008bd00000| Untracked 
| 122|0x000000008be00000, 0x000000008beec080, 0x000000008bf00000| 92%| E|  |TAMS 0x000000008be00000, 0x000000008be00000| Complete 
| 123|0x000000008bf00000, 0x000000008c000000, 0x000000008c000000|100%| E|CS|TAMS 0x000000008bf00000, 0x000000008bf00000| Complete 

Card table byte_map: [0x000001729f010000,0x000001729f3f0000] _byte_map_base: 0x000001729ebee000

Marking Bits (Prev, Next): (CMBitMap*) 0x0000017288032a70, (CMBitMap*) 0x0000017288032ab0
 Prev Bits: [0x000001729f7d0000, 0x00000172a16c0000)
 Next Bits: [0x00000172a16c0000, 0x00000172a35b0000)

Polling page: 0x00000172877a0000

Metaspace:

Usage:
  Non-class:    399.02 KB used.
      Class:     28.35 KB used.
       Both:    427.38 KB used.

Virtual space:
  Non-class space:       64.00 MB reserved,     448.00 KB ( <1%) committed,  1 nodes.
      Class space:        1.00 GB reserved,     128.00 KB ( <1%) committed,  1 nodes.
             Both:        1.06 GB reserved,     576.00 KB ( <1%) committed. 

Chunk freelists:
   Non-Class:  3.98 MB
       Class:  3.74 MB
        Both:  7.72 MB

MaxMetaspaceSize: unlimited
CompressedClassSpaceSize: 1.00 GB
Initial GC threshold: 21.00 MB
Current GC threshold: 21.00 MB
CDS: on
MetaspaceReclaimPolicy: balanced
 - commit_granule_bytes: 65536.
 - commit_granule_words: 8192.
 - virtual_space_node_default_size: 8388608.
 - enlarge_chunks_in_place: 1.
 - new_chunks_are_fully_committed: 0.
 - uncommit_free_chunks: 1.
 - use_allocation_guard: 0.


Internal statistics:

num_allocs_failed_limit: 0.
num_arena_births: 10.
num_arena_deaths: 0.
num_vsnodes_births: 2.
num_vsnodes_deaths: 0.
num_space_committed: 9.
num_space_uncommitted: 0.
num_chunks_returned_to_freelist: 0.
num_chunks_taken_from_freelist: 12.
num_chunk_merges: 0.
num_chunk_splits: 7.
num_chunks_enlarged: 4.
num_inconsistent_stats: 0.

CodeHeap 'non-profiled nmethods': size=120000Kb used=44Kb max_used=44Kb free=119955Kb
 bounds [0x00000172973d0000, 0x0000017297640000, 0x000001729e900000]
CodeHeap 'profiled nmethods': size=120000Kb used=155Kb max_used=155Kb free=119844Kb
 bounds [0x000001728fea0000, 0x0000017290110000, 0x00000172973d0000]
CodeHeap 'non-nmethods': size=5760Kb used=1115Kb max_used=1120Kb free=4644Kb
 bounds [0x000001728f900000, 0x000001728fb70000, 0x000001728fea0000]
 total_blobs=508 nmethods=142 adapters=279
 compilation: enabled
              stopped_count=0, restarted_count=0
 full_count=0

Compilation events (20 events):
Event: 0.068 Thread 0x00000172a5fdfe40  131       1       java.lang.invoke.MethodType$ConcurrentWeakInternSet$WeakEntry::hashCode (5 bytes)
Event: 0.068 Thread 0x00000172a5fdfe40 nmethod 131 0x00000172973da490 code [0x00000172973da620, 0x00000172973da6f8]
Event: 0.069 Thread 0x00000172a5fdfe40  133       3       java.util.HashMap::resize (356 bytes)
Event: 0.070 Thread 0x00000172a5fdfe40 nmethod 133 0x000001728fec3290 code [0x000001728fec3540, 0x000001728fec4a28]
Event: 0.070 Thread 0x00000172a5fdfe40  134       1       java.lang.invoke.MethodHandle::type (5 bytes)
Event: 0.071 Thread 0x00000172a5fdfe40 nmethod 134 0x00000172973da790 code [0x00000172973da920, 0x00000172973da9f8]
Event: 0.071 Thread 0x00000172a5fdfe40  135       3       java.lang.StringBuilder::append (8 bytes)
Event: 0.071 Thread 0x00000172a5fdfe40 nmethod 135 0x000001728fec4e90 code [0x000001728fec5020, 0x000001728fec5168]
Event: 0.071 Thread 0x00000172a5fdfe40  136       3       java.lang.AbstractStringBuilder::append (77 bytes)
Event: 0.071 Thread 0x00000172a5fdfe40 nmethod 136 0x000001728fec5210 code [0x000001728fec5420, 0x000001728fec5b18]
Event: 0.071 Thread 0x00000172a5fdfe40  137       3       java.lang.invoke.MethodType::parameterCount (6 bytes)
Event: 0.071 Thread 0x00000172a5fdfe40 nmethod 137 0x000001728fec5d90 code [0x000001728fec5f20, 0x000001728fec6038]
Event: 0.072 Thread 0x00000172a5fdfe40  138       3       java.lang.invoke.MemberName::testAllFlags (7 bytes)
Event: 0.072 Thread 0x00000172a5fdfe40 nmethod 138 0x000001728fec6110 code [0x000001728fec62a0, 0x000001728fec6478]
Event: 0.072 Thread 0x00000172a5fdfe40  140       3       java.lang.ref.Reference::<init> (25 bytes)
Event: 0.072 Thread 0x00000172a5fdfe40 nmethod 140 0x000001728fec6510 code [0x000001728fec66c0, 0x000001728fec6938]
Event: 0.073 Thread 0x00000172a5fdfe40  141       3       java.lang.StringUTF16::getChar (60 bytes)
Event: 0.073 Thread 0x00000172a5fdfe40 nmethod 141 0x000001728fec6a10 code [0x000001728fec6ba0, 0x000001728fec6d18]
Event: 0.073 Thread 0x00000172a5fb70e0  142       4       java.lang.StringUTF16::getChar (60 bytes)
Event: 0.074 Thread 0x00000172a5fb70e0 nmethod 142 0x00000172973dad90 code [0x00000172973daf00, 0x00000172973dafd8]

GC Heap History (0 events):
No events

Deoptimization events (0 events):
No events

Classes loaded (20 events):
Event: 0.057 Loading class jdk/internal/module/ModulePatcher$PatchedModuleReader
Event: 0.057 Loading class jdk/internal/module/ModulePatcher$PatchedModuleReader done
Event: 0.061 Loading class sun/net/www/protocol/jrt/Handler
Event: 0.061 Loading class sun/net/www/protocol/jrt/Handler done
Event: 0.065 Loading class sun/util/resources/LocaleData$CommonResourceBundleProvider
Event: 0.065 Loading class sun/util/resources/LocaleData$LocaleDataResourceBundleProvider
Event: 0.065 Loading class java/util/spi/ResourceBundleProvider
Event: 0.065 Loading class java/util/spi/ResourceBundleProvider done
Event: 0.065 Loading class sun/util/resources/LocaleData$LocaleDataResourceBundleProvider done
Event: 0.065 Loading class sun/util/resources/LocaleData$CommonResourceBundleProvider done
Event: 0.066 Loading class java/util/ArrayList$SubList$1
Event: 0.066 Loading class java/util/ArrayList$SubList$1 done
Event: 0.067 Loading class sun/text/resources/cldr/FormatData_en
Event: 0.067 Loading class sun/text/resources/cldr/FormatData_en done
Event: 0.067 Loading class sun/util/resources/Bundles$2
Event: 0.067 Loading class sun/util/resources/Bundles$2 done
Event: 0.068 Loading class java/lang/InstantiationException
Event: 0.068 Loading class java/lang/InstantiationException done
Event: 0.068 Loading class java/lang/IllegalAccessException
Event: 0.068 Loading class java/lang/IllegalAccessException done

Classes unloaded (0 events):
No events

Classes redefined (0 events):
No events

Internal exceptions (0 events):
No events

VM Operations (0 events):
No events

Events (15 events):
Event: 0.007 Loaded shared library C:\Program Files\Java\jdk-18\bin\java.dll
Event: 0.016 Loaded shared library C:\Program Files\Java\jdk-18\bin\jsvml.dll
Event: 0.016 Thread 0x0000017287fd4790 Thread added: 0x0000017287fd4790
Event: 0.018 Thread 0x00000172a5f90c20 Thread added: 0x00000172a5f90c20
Event: 0.018 Thread 0x00000172a5f915c0 Thread added: 0x00000172a5f915c0
Event: 0.027 Thread 0x00000172a5fae8c0 Thread added: 0x00000172a5fae8c0
Event: 0.027 Thread 0x00000172a5faf260 Thread added: 0x00000172a5faf260
Event: 0.027 Thread 0x00000172a5fafc00 Thread added: 0x00000172a5fafc00
Event: 0.027 Thread 0x00000172a5fb0d40 Thread added: 0x00000172a5fb0d40
Event: 0.027 Thread 0x00000172a5fb70e0 Thread added: 0x00000172a5fb70e0
Event: 0.027 Thread 0x00000172a5fdfe40 Thread added: 0x00000172a5fdfe40
Event: 0.027 Thread 0x00000172a5fe0ed0 Thread added: 0x00000172a5fe0ed0
Event: 0.039 Thread 0x00000172aa4dd4c0 Thread added: 0x00000172aa4dd4c0
Event: 0.042 Thread 0x00000172aa4e6df0 Thread added: 0x00000172aa4e6df0
Event: 0.059 Loaded shared library C:\Program Files\Java\jdk-18\bin\jimage.dll


Dynamic libraries:
0x00007ff67e7d0000 - 0x00007ff67e7e0000 	C:\Program Files\Java\jdk-18\bin\java.exe
0x00007ffd48d20000 - 0x00007ffd48f29000 	C:\Windows\SYSTEM32\ntdll.dll
0x00007ffd47e20000 - 0x00007ffd47ede000 	C:\Windows\System32\KERNEL32.DLL
0x00007ffd46680000 - 0x00007ffd469fc000 	C:\Windows\System32\KERNELBASE.dll
0x00007ffd46a80000 - 0x00007ffd46b91000 	C:\Windows\System32\ucrtbase.dll
0x00007ffd245c0000 - 0x00007ffd245da000 	C:\Program Files\Java\jdk-18\bin\VCRUNTIME140.dll
0x00007ffd32c70000 - 0x00007ffd32c88000 	C:\Program Files\Java\jdk-18\bin\jli.dll
0x00007ffd483c0000 - 0x00007ffd4846e000 	C:\Windows\System32\ADVAPI32.dll
0x00007ffd47ee0000 - 0x00007ffd47f83000 	C:\Windows\System32\msvcrt.dll
0x00007ffd48c20000 - 0x00007ffd48cbe000 	C:\Windows\System32\sechost.dll
0x00007ffd47d00000 - 0x00007ffd47e20000 	C:\Windows\System32\RPCRT4.dll
0x00007ffd47890000 - 0x00007ffd47a3d000 	C:\Windows\System32\USER32.dll
0x00007ffd463d0000 - 0x00007ffd463f6000 	C:\Windows\System32\win32u.dll
0x00007ffd3bcb0000 - 0x00007ffd3bf55000 	C:\Windows\WinSxS\amd64_microsoft.windows.common-controls_6595b64144ccf1df_6.0.22000.120_none_9d947278b86cc467\COMCTL32.dll
0x00007ffd48270000 - 0x00007ffd48299000 	C:\Windows\System32\GDI32.dll
0x00007ffd462b0000 - 0x00007ffd463c8000 	C:\Windows\System32\gdi32full.dll
0x00007ffd465e0000 - 0x00007ffd4667d000 	C:\Windows\System32\msvcp_win.dll
0x00007ffd3bf60000 - 0x00007ffd3bf6a000 	C:\Windows\SYSTEM32\VERSION.dll
0x00007ffd47f90000 - 0x00007ffd47fc2000 	C:\Windows\System32\IMM32.DLL
0x00007ffd32cd0000 - 0x00007ffd32cdc000 	C:\Program Files\Java\jdk-18\bin\vcruntime140_1.dll
0x00007ffcfa730000 - 0x00007ffcfa7bd000 	C:\Program Files\Java\jdk-18\bin\msvcp140.dll
0x00007ffcbcf00000 - 0x00007ffcbdb11000 	C:\Program Files\Java\jdk-18\bin\server\jvm.dll
0x00007ffd47fd0000 - 0x00007ffd47fd8000 	C:\Windows\System32\PSAPI.DLL
0x00007ffd3e3a0000 - 0x00007ffd3e3d3000 	C:\Windows\SYSTEM32\WINMM.dll
0x00007ffd32c40000 - 0x00007ffd32c49000 	C:\Windows\SYSTEM32\WSOCK32.dll
0x00007ffd48200000 - 0x00007ffd4826f000 	C:\Windows\System32\WS2_32.dll
0x00007ffd452f0000 - 0x00007ffd45308000 	C:\Windows\SYSTEM32\kernel.appcore.dll
0x00007ffd243a0000 - 0x00007ffd243aa000 	C:\Program Files\Java\jdk-18\bin\jimage.dll
0x00007ffd43c60000 - 0x00007ffd43e81000 	C:\Windows\SYSTEM32\DBGHELP.DLL
0x00007ffd3c710000 - 0x00007ffd3c741000 	C:\Windows\SYSTEM32\dbgcore.DLL
0x00007ffd46a00000 - 0x00007ffd46a7f000 	C:\Windows\System32\bcryptPrimitives.dll
0x00007ffd14d70000 - 0x00007ffd14d95000 	C:\Program Files\Java\jdk-18\bin\java.dll
0x00007ffcfa7c0000 - 0x00007ffcfa896000 	C:\Program Files\Java\jdk-18\bin\jsvml.dll
0x00007ffd46ba0000 - 0x00007ffd47365000 	C:\Windows\System32\SHELL32.dll
0x00007ffd442a0000 - 0x00007ffd44b05000 	C:\Windows\SYSTEM32\windows.storage.dll
0x00007ffd485d0000 - 0x00007ffd48948000 	C:\Windows\System32\combase.dll
0x00007ffd44130000 - 0x00007ffd44296000 	C:\Windows\SYSTEM32\wintypes.dll
0x00007ffd47c10000 - 0x00007ffd47cfa000 	C:\Windows\System32\SHCORE.dll
0x00007ffd481a0000 - 0x00007ffd481fd000 	C:\Windows\System32\shlwapi.dll
0x00007ffd46120000 - 0x00007ffd46141000 	C:\Windows\SYSTEM32\profapi.dll

dbghelp: loaded successfully - version: 4.0.5 - missing functions: none
symbol engine: initialized successfully - sym options: 0x614 - pdb path: .;C:\Program Files\Java\jdk-18\bin;C:\Windows\SYSTEM32;C:\Windows\WinSxS\amd64_microsoft.windows.common-controls_6595b64144ccf1df_6.0.22000.120_none_9d947278b86cc467;C:\Program Files\Java\jdk-18\bin\server

VM Arguments:
jvm_args: -Dfile.encoding=UTF-8 
java_command: view.Menu
java_class_path (initial): C:\Users\rapha\OneDrive\Documents\NetBeansProjects\Library\build\classes
Launcher Type: SUN_STANDARD

[Global flags]
     intx CICompilerCount                          = 4                                         {product} {ergonomic}
     uint ConcGCThreads                            = 2                                         {product} {ergonomic}
     uint G1ConcRefinementThreads                  = 8                                         {product} {ergonomic}
   size_t G1HeapRegionSize                         = 1048576                                   {product} {ergonomic}
    uintx GCDrainStackTargetSize                   = 64                                        {product} {ergonomic}
   size_t InitialHeapSize                          = 130023424                                 {product} {ergonomic}
   size_t MarkStackSize                            = 4194304                                   {product} {ergonomic}
   size_t MaxHeapSize                              = 2076180480                                {product} {ergonomic}
   size_t MaxNewSize                               = 1245708288                                {product} {ergonomic}
   size_t MinHeapDeltaBytes                        = 1048576                                   {product} {ergonomic}
   size_t MinHeapSize                              = 8388608                                   {product} {ergonomic}
    uintx NonNMethodCodeHeapSize                   = 5839372                                {pd product} {ergonomic}
    uintx NonProfiledCodeHeapSize                  = 122909434                              {pd product} {ergonomic}
    uintx ProfiledCodeHeapSize                     = 122909434                              {pd product} {ergonomic}
    uintx ReservedCodeCacheSize                    = 251658240                              {pd product} {ergonomic}
     bool SegmentedCodeCache                       = true                                      {product} {ergonomic}
   size_t SoftMaxHeapSize                          = 2076180480                             {manageable} {ergonomic}
     bool UseCompressedClassPointers               = true                           {product lp64_product} {ergonomic}
     bool UseCompressedOops                        = true                           {product lp64_product} {ergonomic}
     bool UseG1GC                                  = true                                      {product} {ergonomic}
     bool UseLargePagesIndividualAllocation        = false                                  {pd product} {ergonomic}

Logging:
Log output configuration:
 #0: stdout all=warning uptime,level,tags foldmultilines=false
 #1: stderr all=off uptime,level,tags foldmultilines=false

Environment Variables:
PATH=C:\Program Files\Common Files\Oracle\Java\javapath;C:\Program Files (x86)\Common Files\Oracle\Java\javapath;C:\Windows\system32;C:\Windows;C:\Windows\System32\Wbem;C:\Windows\System32\WindowsPowerShell\v1.0\;C:\Windows\System32\OpenSSH\;C:\Program Files (x86)\Microsoft SQL Server\150\DTS\Binn\;C:\Program Files\Azure Data Studio\bin;C:\Program Files\Microsoft SQL Server\Client SDK\ODBC\130\Tools\Binn\;C:\Program Files (x86)\Microsoft SQL Server\140\Tools\Binn\;C:\Program Files\Microsoft SQL Server\140\Tools\Binn\;C:\Program Files\Microsoft SQL Server\140\DTS\Binn\;C:\Program Files\nodejs\;C:\Program Files\PuTTY\;C:\Program Files\Amazon\AWSCLIV2\;C:\Users\rapha\AppData\Local\Microsoft\WindowsApps;;C:\Program Files\Azure Data Studio\bin;C:\Users\rapha\AppData\Roaming\npm;C:\Users\rapha\AppData\Local\Programs\Microsoft VS Code\bin
USERNAME=rapha
OS=Windows_NT
PROCESSOR_IDENTIFIER=Intel64 Family 6 Model 140 Stepping 1, GenuineIntel



---------------  S Y S T E M  ---------------

OS:
 Windows 11 , 64 bit Build 22000 (10.0.22000.1516)
OS uptime: 19 days 2:14 hours
Hyper-V role detected

CPU: total 8 (initial active 8) (4 cores per cpu, 2 threads per core) family 6 model 140 stepping 1 microcode 0x8a, cx8, cmov, fxsr, ht, mmx, 3dnowpref, sse, sse2, sse3, ssse3, sse4.1, sse4.2, popcnt, lzcnt, tsc, tscinvbit, avx, avx2, aes, erms, clmul, bmi1, bmi2, adx, avx512f, avx512dq, avx512cd, avx512bw, avx512vl, sha, fma, vzeroupper, avx512_vpopcntdq, avx512_vpclmulqdq, avx512_vaes, avx512_vnni, clflush, clflushopt, clwb, avx512_vbmi2, avx512_vbmi, hv

Memory: 4k page, system-wide physical 7915M (664M free)
TotalPageFile size 32491M (AvailPageFile size 5M)
current process WorkingSet (physical memory assigned to process): 31M, peak: 31M
current process commit charge ("private bytes"): 206M, peak: 206M

vm_info: Java HotSpot(TM) 64-Bit Server VM (18+36-2087) for windows-amd64 JRE (18+36-2087), built on Feb 15 2022 09:43:11 by "mach5one" with MS VC++ 16.8 / 16.9 (VS2019)

END.
